2023.06.17 16:02:42 INFO  Started: Metals version 0.11.12 in workspace 'C:\Users\hp\Documents\UOC\2nd Year- 1st Semester\SCS-2204_Functional Programming\Tutorial_2' for client Visual Studio Code 1.79.0.
Jun 17, 2023 4:02:42 PM org.flywaydb.core.internal.license.VersionPrinter printVersionOnly
INFO: Flyway Community Edition 9.16.3 by Redgate
Jun 17, 2023 4:02:42 PM org.flywaydb.core.internal.license.VersionPrinter printVersion
INFO: See release notes here: https://rd.gt/416ObMi
Jun 17, 2023 4:02:42 PM org.flywaydb.core.internal.license.VersionPrinter printVersion
INFO: 
Jun 17, 2023 4:02:43 PM org.flywaydb.core.internal.database.base.BaseDatabaseType createDatabase
INFO: Database: jdbc:h2:file:C:\Users\hp\Documents\UOC\2nd Year- 1st Semester\SCS-2204_Functional Programming\Tutorial_2\.metals\metals (H2 2.1)
Jun 17, 2023 4:02:43 PM org.flywaydb.core.internal.schemahistory.JdbcTableSchemaHistory allAppliedMigrations
INFO: Schema history table "PUBLIC"."flyway_schema_history" does not exist yet
Jun 17, 2023 4:02:43 PM org.flywaydb.core.internal.command.DbValidate validate
INFO: Successfully validated 4 migrations (execution time 00:00.021s)
Jun 17, 2023 4:02:43 PM org.flywaydb.core.internal.schemahistory.JdbcTableSchemaHistory create
INFO: Creating Schema History table "PUBLIC"."flyway_schema_history" ...
Jun 17, 2023 4:02:43 PM org.flywaydb.core.internal.command.DbMigrate migrateGroup
INFO: Current version of schema "PUBLIC": << Empty Schema >>
Jun 17, 2023 4:02:43 PM org.flywaydb.core.internal.command.DbMigrate doMigrateGroup
INFO: Migrating schema "PUBLIC" to version "1 - Create tables"
Jun 17, 2023 4:02:43 PM org.flywaydb.core.internal.command.DbMigrate doMigrateGroup
INFO: Migrating schema "PUBLIC" to version "2 - Server discovery"
Jun 17, 2023 4:02:43 PM org.flywaydb.core.internal.command.DbMigrate doMigrateGroup
INFO: Migrating schema "PUBLIC" to version "3 - Jar symbols"
Jun 17, 2023 4:02:43 PM org.flywaydb.core.internal.command.DbMigrate doMigrateGroup
INFO: Migrating schema "PUBLIC" to version "4 - Fingerprints"
Jun 17, 2023 4:02:43 PM org.flywaydb.core.internal.command.DbMigrate logSummary
INFO: Successfully applied 4 migrations to schema "PUBLIC", now at version v4 (execution time 00:00.063s)
2023.06.17 16:02:43 INFO  time: initialize in 0.75s
2023.06.17 16:02:45 WARN  Build server is not auto-connectable.
2023.06.17 16:02:45 WARN  no build tool detected in workspace 'C:\Users\hp\Documents\UOC\2nd Year- 1st Semester\SCS-2204_Functional Programming\Tutorial_2'. The most common cause for this problem is that the editor was opened in the wrong working directory, for example if you use sbt then the workspace directory should contain build.sbt. 
2023.06.17 16:02:45 WARN  no build target for: C:\Users\hp\Documents\UOC\2nd Year- 1st Semester\SCS-2204_Functional Programming\Tutorial_2\Q1.scala
2023.06.17 16:02:49 INFO  no build target found for C:\Users\hp\Documents\UOC\2nd Year- 1st Semester\SCS-2204_Functional Programming\Tutorial_2\Q1.scala. Using presentation compiler with project's scala-library version: 3.2.2
2023.06.17 16:02:51 INFO  time: code lens generation in 6.61s
2023.06.17 16:03:04 WARN  no build target for: C:\Users\hp\Documents\UOC\2nd Year- 1st Semester\SCS-2204_Functional Programming\Tutorial_2\Q1.scala
2023.06.17 16:03:07 WARN  no build target for: C:\Users\hp\Documents\UOC\2nd Year- 1st Semester\SCS-2204_Functional Programming\Tutorial_2\Q1.scala
2023.06.17 16:03:09 WARN  no build target for: C:\Users\hp\Documents\UOC\2nd Year- 1st Semester\SCS-2204_Functional Programming\Tutorial_2\Q1.scala
2023.06.17 16:03:11 WARN  no build target for: C:\Users\hp\Documents\UOC\2nd Year- 1st Semester\SCS-2204_Functional Programming\Tutorial_2\Q1.scala
2023.06.17 16:03:13 WARN  no build target for: C:\Users\hp\Documents\UOC\2nd Year- 1st Semester\SCS-2204_Functional Programming\Tutorial_2\Q1.scala
Jun 17, 2023 4:03:16 PM org.eclipse.lsp4j.jsonrpc.RemoteEndpoint handleCancellation
WARNING: Unmatched cancel notification for request id 60
2023.06.17 16:03:17 WARN  no build target for: C:\Users\hp\Documents\UOC\2nd Year- 1st Semester\SCS-2204_Functional Programming\Tutorial_2\Q1.scala
2023.06.17 16:03:18 WARN  no build target for: C:\Users\hp\Documents\UOC\2nd Year- 1st Semester\SCS-2204_Functional Programming\Tutorial_2\Q1.scala
2023.06.17 16:03:20 WARN  no build target for: C:\Users\hp\Documents\UOC\2nd Year- 1st Semester\SCS-2204_Functional Programming\Tutorial_2\Q1.scala
2023.06.17 16:03:22 WARN  no build target for: C:\Users\hp\Documents\UOC\2nd Year- 1st Semester\SCS-2204_Functional Programming\Tutorial_2\Q1.scala
2023.06.17 16:03:24 WARN  no build target for: C:\Users\hp\Documents\UOC\2nd Year- 1st Semester\SCS-2204_Functional Programming\Tutorial_2\Q1.scala
2023.06.17 16:04:43 WARN  no build target for: C:\Users\hp\Documents\UOC\2nd Year- 1st Semester\SCS-2204_Functional Programming\Tutorial_2\Q1.scala
2023.06.17 16:04:45 WARN  no build target for: C:\Users\hp\Documents\UOC\2nd Year- 1st Semester\SCS-2204_Functional Programming\Tutorial_2\Q1.scala
2023.06.17 16:04:48 WARN  no build target for: C:\Users\hp\Documents\UOC\2nd Year- 1st Semester\SCS-2204_Functional Programming\Tutorial_2\Q1.scala
Jun 17, 2023 4:04:52 PM org.eclipse.lsp4j.jsonrpc.RemoteEndpoint handleCancellation
WARNING: Unmatched cancel notification for request id 157
2023.06.17 16:04:57 WARN  no build target for: C:\Users\hp\Documents\UOC\2nd Year- 1st Semester\SCS-2204_Functional Programming\Tutorial_2\Q1.scala
2023.06.17 16:04:59 WARN  no build target for: C:\Users\hp\Documents\UOC\2nd Year- 1st Semester\SCS-2204_Functional Programming\Tutorial_2\Q1.scala
2023.06.17 16:05:00 WARN  no build target for: C:\Users\hp\Documents\UOC\2nd Year- 1st Semester\SCS-2204_Functional Programming\Tutorial_2\Q1.scala
2023.06.17 16:05:02 WARN  no build target for: C:\Users\hp\Documents\UOC\2nd Year- 1st Semester\SCS-2204_Functional Programming\Tutorial_2\Q1.scala
2023.06.17 16:05:03 WARN  no build target for: C:\Users\hp\Documents\UOC\2nd Year- 1st Semester\SCS-2204_Functional Programming\Tutorial_2\Q1.scala
2023.06.17 16:05:16 WARN  no build target for: C:\Users\hp\Documents\UOC\2nd Year- 1st Semester\SCS-2204_Functional Programming\Tutorial_2\Q1.scala
2023.06.17 16:05:17 WARN  no build target for: C:\Users\hp\Documents\UOC\2nd Year- 1st Semester\SCS-2204_Functional Programming\Tutorial_2\Q1.scala
2023.06.17 16:05:18 WARN  no build target for: C:\Users\hp\Documents\UOC\2nd Year- 1st Semester\SCS-2204_Functional Programming\Tutorial_2\Q1.scala
2023.06.17 16:05:27 WARN  no build target for: C:\Users\hp\Documents\UOC\2nd Year- 1st Semester\SCS-2204_Functional Programming\Tutorial_2\Q1.scala
Jun 17, 2023 4:05:27 PM org.eclipse.lsp4j.jsonrpc.RemoteEndpoint handleCancellation
WARNING: Unmatched cancel notification for request id 246
2023.06.17 16:05:30 WARN  no build target for: C:\Users\hp\Documents\UOC\2nd Year- 1st Semester\SCS-2204_Functional Programming\Tutorial_2\Q1.scala
2023.06.17 16:05:35 WARN  no build target for: C:\Users\hp\Documents\UOC\2nd Year- 1st Semester\SCS-2204_Functional Programming\Tutorial_2\Q1.scala
2023.06.17 16:05:36 WARN  no build target for: C:\Users\hp\Documents\UOC\2nd Year- 1st Semester\SCS-2204_Functional Programming\Tutorial_2\Q1.scala
2023.06.17 16:05:38 WARN  no build target for: C:\Users\hp\Documents\UOC\2nd Year- 1st Semester\SCS-2204_Functional Programming\Tutorial_2\Q1.scala
2023.06.17 16:05:49 WARN  no build target for: C:\Users\hp\Documents\UOC\2nd Year- 1st Semester\SCS-2204_Functional Programming\Tutorial_2\Q1.scala
Jun 17, 2023 4:05:51 PM org.eclipse.lsp4j.jsonrpc.RemoteEndpoint handleCancellation
WARNING: Unmatched cancel notification for request id 332
2023.06.17 16:05:52 WARN  no build target for: C:\Users\hp\Documents\UOC\2nd Year- 1st Semester\SCS-2204_Functional Programming\Tutorial_2\Q1.scala
2023.06.17 16:05:54 WARN  no build target for: C:\Users\hp\Documents\UOC\2nd Year- 1st Semester\SCS-2204_Functional Programming\Tutorial_2\Q1.scala
2023.06.17 16:05:56 WARN  no build target for: C:\Users\hp\Documents\UOC\2nd Year- 1st Semester\SCS-2204_Functional Programming\Tutorial_2\Q1.scala
2023.06.17 16:06:05 WARN  no build target for: C:\Users\hp\Documents\UOC\2nd Year- 1st Semester\SCS-2204_Functional Programming\Tutorial_2\Q1.scala
2023.06.17 16:06:08 WARN  no build target for: C:\Users\hp\Documents\UOC\2nd Year- 1st Semester\SCS-2204_Functional Programming\Tutorial_2\Q1.scala
2023.06.17 16:06:11 WARN  no build target for: C:\Users\hp\Documents\UOC\2nd Year- 1st Semester\SCS-2204_Functional Programming\Tutorial_2\Q1.scala
2023.06.17 16:06:14 WARN  no build target for: C:\Users\hp\Documents\UOC\2nd Year- 1st Semester\SCS-2204_Functional Programming\Tutorial_2\Q1.scala
2023.06.17 16:06:20 WARN  no build target for: C:\Users\hp\Documents\UOC\2nd Year- 1st Semester\SCS-2204_Functional Programming\Tutorial_2\Q1.scala
2023.06.17 16:06:23 WARN  no build target for: C:\Users\hp\Documents\UOC\2nd Year- 1st Semester\SCS-2204_Functional Programming\Tutorial_2\Q1.scala
2023.06.17 16:06:25 WARN  no build target for: C:\Users\hp\Documents\UOC\2nd Year- 1st Semester\SCS-2204_Functional Programming\Tutorial_2\Q1.scala
2023.06.17 16:06:36 WARN  no build target for: C:\Users\hp\Documents\UOC\2nd Year- 1st Semester\SCS-2204_Functional Programming\Tutorial_2\Q1.scala
2023.06.17 16:06:38 WARN  no build target for: C:\Users\hp\Documents\UOC\2nd Year- 1st Semester\SCS-2204_Functional Programming\Tutorial_2\Q1.scala
2023.06.17 16:06:39 WARN  no build target for: C:\Users\hp\Documents\UOC\2nd Year- 1st Semester\SCS-2204_Functional Programming\Tutorial_2\Q1.scala
2023.06.17 16:06:44 WARN  no build target for: C:\Users\hp\Documents\UOC\2nd Year- 1st Semester\SCS-2204_Functional Programming\Tutorial_2\Q1.scala
2023.06.17 16:06:47 WARN  no build target for: C:\Users\hp\Documents\UOC\2nd Year- 1st Semester\SCS-2204_Functional Programming\Tutorial_2\Q1.scala
2023.06.17 16:06:50 WARN  no build target for: C:\Users\hp\Documents\UOC\2nd Year- 1st Semester\SCS-2204_Functional Programming\Tutorial_2\Q1.scala
2023.06.17 16:06:52 WARN  no build target for: C:\Users\hp\Documents\UOC\2nd Year- 1st Semester\SCS-2204_Functional Programming\Tutorial_2\Q1.scala
2023.06.17 16:07:20 WARN  no build target for: C:\Users\hp\Documents\UOC\2nd Year- 1st Semester\SCS-2204_Functional Programming\Tutorial_2\Q1.scala
2023.06.17 16:07:22 WARN  no build target for: C:\Users\hp\Documents\UOC\2nd Year- 1st Semester\SCS-2204_Functional Programming\Tutorial_2\Q1.scala
2023.06.17 16:07:24 WARN  no build target for: C:\Users\hp\Documents\UOC\2nd Year- 1st Semester\SCS-2204_Functional Programming\Tutorial_2\Q1.scala
2023.06.17 16:07:26 WARN  no build target for: C:\Users\hp\Documents\UOC\2nd Year- 1st Semester\SCS-2204_Functional Programming\Tutorial_2\Q1.scala
2023.06.17 16:07:29 WARN  no build target for: C:\Users\hp\Documents\UOC\2nd Year- 1st Semester\SCS-2204_Functional Programming\Tutorial_2\Q1.scala
2023.06.17 16:07:46 WARN  no build target for: C:\Users\hp\Documents\UOC\2nd Year- 1st Semester\SCS-2204_Functional Programming\Tutorial_2\Q1.scala
2023.06.17 16:07:49 WARN  no build target for: C:\Users\hp\Documents\UOC\2nd Year- 1st Semester\SCS-2204_Functional Programming\Tutorial_2\Q1.scala
Jun 17, 2023 4:07:58 PM org.eclipse.lsp4j.jsonrpc.RemoteEndpoint handleCancellation
WARNING: Unmatched cancel notification for request id 644
2023.06.17 16:08:00 WARN  no build target for: C:\Users\hp\Documents\UOC\2nd Year- 1st Semester\SCS-2204_Functional Programming\Tutorial_2\Q1.scala
2023.06.17 16:08:02 WARN  no build target for: C:\Users\hp\Documents\UOC\2nd Year- 1st Semester\SCS-2204_Functional Programming\Tutorial_2\Q1.scala
2023.06.17 16:08:04 WARN  no build target for: C:\Users\hp\Documents\UOC\2nd Year- 1st Semester\SCS-2204_Functional Programming\Tutorial_2\Q1.scala
2023.06.17 16:08:07 WARN  no build target for: C:\Users\hp\Documents\UOC\2nd Year- 1st Semester\SCS-2204_Functional Programming\Tutorial_2\Q1.scala
2023.06.17 16:08:18 WARN  no build target for: C:\Users\hp\Documents\UOC\2nd Year- 1st Semester\SCS-2204_Functional Programming\Tutorial_2\Q1.scala
2023.06.17 16:08:21 WARN  no build target for: C:\Users\hp\Documents\UOC\2nd Year- 1st Semester\SCS-2204_Functional Programming\Tutorial_2\Q1.scala
2023.06.17 16:08:23 WARN  no build target for: C:\Users\hp\Documents\UOC\2nd Year- 1st Semester\SCS-2204_Functional Programming\Tutorial_2\Q1.scala
2023.06.17 16:08:33 WARN  no build target for: C:\Users\hp\Documents\UOC\2nd Year- 1st Semester\SCS-2204_Functional Programming\Tutorial_2\Q1.scala
2023.06.17 16:08:37 WARN  no build target for: C:\Users\hp\Documents\UOC\2nd Year- 1st Semester\SCS-2204_Functional Programming\Tutorial_2\Q1.scala
2023.06.17 16:08:40 WARN  no build target for: C:\Users\hp\Documents\UOC\2nd Year- 1st Semester\SCS-2204_Functional Programming\Tutorial_2\Q1.scala
2023.06.17 16:08:44 WARN  no build target for: C:\Users\hp\Documents\UOC\2nd Year- 1st Semester\SCS-2204_Functional Programming\Tutorial_2\Q1.scala
2023.06.17 16:08:57 WARN  no build target for: C:\Users\hp\Documents\UOC\2nd Year- 1st Semester\SCS-2204_Functional Programming\Tutorial_2\Q1.scala
2023.06.17 16:09:00 WARN  no build target for: C:\Users\hp\Documents\UOC\2nd Year- 1st Semester\SCS-2204_Functional Programming\Tutorial_2\Q1.scala
2023.06.17 16:09:02 WARN  no build target for: C:\Users\hp\Documents\UOC\2nd Year- 1st Semester\SCS-2204_Functional Programming\Tutorial_2\Q1.scala
2023.06.17 16:09:03 WARN  no build target for: C:\Users\hp\Documents\UOC\2nd Year- 1st Semester\SCS-2204_Functional Programming\Tutorial_2\Q1.scala
2023.06.17 16:09:14 WARN  no build target for: C:\Users\hp\Documents\UOC\2nd Year- 1st Semester\SCS-2204_Functional Programming\Tutorial_2\Q1.scala
2023.06.17 16:10:17 WARN  no build target for: C:\Users\hp\Documents\UOC\2nd Year- 1st Semester\SCS-2204_Functional Programming\Tutorial_2\Q1.scala
2023.06.17 16:10:53 WARN  no build target for: C:\Users\hp\Documents\UOC\2nd Year- 1st Semester\SCS-2204_Functional Programming\Tutorial_2\Q1.scala
2023.06.17 16:11:28 WARN  no build target for: C:\Users\hp\Documents\UOC\2nd Year- 1st Semester\SCS-2204_Functional Programming\Tutorial_2\Q1.scala
2023.06.17 16:11:31 WARN  no build target for: C:\Users\hp\Documents\UOC\2nd Year- 1st Semester\SCS-2204_Functional Programming\Tutorial_2\Q1.scala
2023.06.17 16:11:34 WARN  no build target for: C:\Users\hp\Documents\UOC\2nd Year- 1st Semester\SCS-2204_Functional Programming\Tutorial_2\Q1.scala
2023.06.17 16:11:36 WARN  no build target for: C:\Users\hp\Documents\UOC\2nd Year- 1st Semester\SCS-2204_Functional Programming\Tutorial_2\Q1.scala
2023.06.17 16:11:40 WARN  no build target for: C:\Users\hp\Documents\UOC\2nd Year- 1st Semester\SCS-2204_Functional Programming\Tutorial_2\Q1.scala
2023.06.17 16:11:43 WARN  no build target for: C:\Users\hp\Documents\UOC\2nd Year- 1st Semester\SCS-2204_Functional Programming\Tutorial_2\Q1.scala
2023.06.17 16:11:46 WARN  no build target for: C:\Users\hp\Documents\UOC\2nd Year- 1st Semester\SCS-2204_Functional Programming\Tutorial_2\Q1.scala
2023.06.17 16:11:50 WARN  no build target for: C:\Users\hp\Documents\UOC\2nd Year- 1st Semester\SCS-2204_Functional Programming\Tutorial_2\Q1.scala
2023.06.17 16:11:53 WARN  no build target for: C:\Users\hp\Documents\UOC\2nd Year- 1st Semester\SCS-2204_Functional Programming\Tutorial_2\Q1.scala
2023.06.17 16:11:57 WARN  no build target for: C:\Users\hp\Documents\UOC\2nd Year- 1st Semester\SCS-2204_Functional Programming\Tutorial_2\Q1.scala
2023.06.17 16:12:01 WARN  no build target for: C:\Users\hp\Documents\UOC\2nd Year- 1st Semester\SCS-2204_Functional Programming\Tutorial_2\Q1.scala
2023.06.17 16:12:02 WARN  no build target for: C:\Users\hp\Documents\UOC\2nd Year- 1st Semester\SCS-2204_Functional Programming\Tutorial_2\Q1.scala
2023.06.17 16:12:04 WARN  no build target for: C:\Users\hp\Documents\UOC\2nd Year- 1st Semester\SCS-2204_Functional Programming\Tutorial_2\Q1.scala
2023.06.17 16:12:21 WARN  no build target for: C:\Users\hp\Documents\UOC\2nd Year- 1st Semester\SCS-2204_Functional Programming\Tutorial_2\Q1.scala
2023.06.17 16:12:28 WARN  no build target for: C:\Users\hp\Documents\UOC\2nd Year- 1st Semester\SCS-2204_Functional Programming\Tutorial_2\Q1.scala
2023.06.17 16:12:38 WARN  no build target for: C:\Users\hp\Documents\UOC\2nd Year- 1st Semester\SCS-2204_Functional Programming\Tutorial_2\Q1.scala
2023.06.17 16:12:41 WARN  no build target for: C:\Users\hp\Documents\UOC\2nd Year- 1st Semester\SCS-2204_Functional Programming\Tutorial_2\Q1.scala
Jun 17, 2023 4:12:41 PM org.eclipse.lsp4j.jsonrpc.RemoteEndpoint handleCancellation
WARNING: Unmatched cancel notification for request id 1060
2023.06.17 16:12:45 WARN  no build target for: C:\Users\hp\Documents\UOC\2nd Year- 1st Semester\SCS-2204_Functional Programming\Tutorial_2\Q1.scala
2023.06.17 16:12:47 WARN  no build target for: C:\Users\hp\Documents\UOC\2nd Year- 1st Semester\SCS-2204_Functional Programming\Tutorial_2\Q1.scala
Jun 17, 2023 4:12:50 PM org.eclipse.lsp4j.jsonrpc.RemoteEndpoint handleCancellation
WARNING: Unmatched cancel notification for request id 1111
2023.06.17 16:12:52 WARN  no build target for: C:\Users\hp\Documents\UOC\2nd Year- 1st Semester\SCS-2204_Functional Programming\Tutorial_2\Q1.scala
2023.06.17 16:12:54 WARN  no build target for: C:\Users\hp\Documents\UOC\2nd Year- 1st Semester\SCS-2204_Functional Programming\Tutorial_2\Q1.scala
2023.06.17 16:12:56 WARN  no build target for: C:\Users\hp\Documents\UOC\2nd Year- 1st Semester\SCS-2204_Functional Programming\Tutorial_2\Q1.scala
2023.06.17 16:13:23 WARN  no build target for: C:\Users\hp\Documents\UOC\2nd Year- 1st Semester\SCS-2204_Functional Programming\Tutorial_2\Q1.scala
2023.06.17 16:13:29 WARN  no build target for: C:\Users\hp\Documents\UOC\2nd Year- 1st Semester\SCS-2204_Functional Programming\Tutorial_2\Q1.scala
2023.06.17 16:13:31 WARN  no build target for: C:\Users\hp\Documents\UOC\2nd Year- 1st Semester\SCS-2204_Functional Programming\Tutorial_2\Q1.scala
2023.06.17 16:14:17 WARN  no build target for: C:\Users\hp\Documents\UOC\2nd Year- 1st Semester\SCS-2204_Functional Programming\Tutorial_2\Q1.scala
2023.06.17 16:14:58 WARN  no build target for: C:\Users\hp\Documents\UOC\2nd Year- 1st Semester\SCS-2204_Functional Programming\Tutorial_2\Q1.scala
2023.06.17 16:25:48 WARN  no build target for: C:\Users\hp\Documents\UOC\2nd Year- 1st Semester\SCS-2204_Functional Programming\Tutorial_2\Q1.scala
2023.06.17 16:25:55 WARN  no build target for: C:\Users\hp\Documents\UOC\2nd Year- 1st Semester\SCS-2204_Functional Programming\Tutorial_2\Q1.scala
2023.06.17 16:25:59 WARN  no build target for: C:\Users\hp\Documents\UOC\2nd Year- 1st Semester\SCS-2204_Functional Programming\Tutorial_2\Q1.scala
2023.06.17 16:26:13 WARN  no build target for: C:\Users\hp\Documents\UOC\2nd Year- 1st Semester\SCS-2204_Functional Programming\Tutorial_2\Q1.scala
2023.06.17 16:27:01 WARN  no build target for: C:\Users\hp\Documents\UOC\2nd Year- 1st Semester\SCS-2204_Functional Programming\Tutorial_2\Q1.scala
2023.06.17 16:27:08 WARN  no build target for: C:\Users\hp\Documents\UOC\2nd Year- 1st Semester\SCS-2204_Functional Programming\Tutorial_2\Q1.scala
2023.06.17 16:27:14 WARN  no build target for: C:\Users\hp\Documents\UOC\2nd Year- 1st Semester\SCS-2204_Functional Programming\Tutorial_2\Q1.scala
2023.06.17 16:27:16 WARN  no build target for: C:\Users\hp\Documents\UOC\2nd Year- 1st Semester\SCS-2204_Functional Programming\Tutorial_2\Q1.scala
2023.06.17 16:27:20 WARN  no build target for: C:\Users\hp\Documents\UOC\2nd Year- 1st Semester\SCS-2204_Functional Programming\Tutorial_2\Q1.scala
2023.06.17 16:27:29 WARN  no build target for: C:\Users\hp\Documents\UOC\2nd Year- 1st Semester\SCS-2204_Functional Programming\Tutorial_2\Q1.scala
2023.06.17 16:27:34 WARN  no build target for: C:\Users\hp\Documents\UOC\2nd Year- 1st Semester\SCS-2204_Functional Programming\Tutorial_2\Q1.scala
2023.06.17 16:27:47 WARN  no build target for: C:\Users\hp\Documents\UOC\2nd Year- 1st Semester\SCS-2204_Functional Programming\Tutorial_2\Q1.scala
2023.06.17 16:27:49 WARN  no build target for: C:\Users\hp\Documents\UOC\2nd Year- 1st Semester\SCS-2204_Functional Programming\Tutorial_2\Q1.scala
2023.06.17 16:27:53 WARN  no build target for: C:\Users\hp\Documents\UOC\2nd Year- 1st Semester\SCS-2204_Functional Programming\Tutorial_2\Q1.scala
2023.06.17 16:27:58 WARN  no build target for: C:\Users\hp\Documents\UOC\2nd Year- 1st Semester\SCS-2204_Functional Programming\Tutorial_2\Q1.scala
2023.06.17 16:28:02 WARN  no build target for: C:\Users\hp\Documents\UOC\2nd Year- 1st Semester\SCS-2204_Functional Programming\Tutorial_2\Q1.scala
2023.06.17 16:28:05 WARN  no build target for: C:\Users\hp\Documents\UOC\2nd Year- 1st Semester\SCS-2204_Functional Programming\Tutorial_2\Q1.scala
Jun 17, 2023 4:28:10 PM org.eclipse.lsp4j.jsonrpc.RemoteEndpoint handleCancellation
WARNING: Unmatched cancel notification for request id 1514
2023.06.17 16:28:12 WARN  no build target for: C:\Users\hp\Documents\UOC\2nd Year- 1st Semester\SCS-2204_Functional Programming\Tutorial_2\Q1.scala
2023.06.17 16:28:17 WARN  no build target for: C:\Users\hp\Documents\UOC\2nd Year- 1st Semester\SCS-2204_Functional Programming\Tutorial_2\Q1.scala
2023.06.17 16:28:18 WARN  no build target for: C:\Users\hp\Documents\UOC\2nd Year- 1st Semester\SCS-2204_Functional Programming\Tutorial_2\Q1.scala
2023.06.17 16:29:35 WARN  no build target for: C:\Users\hp\Documents\UOC\2nd Year- 1st Semester\SCS-2204_Functional Programming\Tutorial_2\Q1.scala
2023.06.17 16:29:37 WARN  no build target for: C:\Users\hp\Documents\UOC\2nd Year- 1st Semester\SCS-2204_Functional Programming\Tutorial_2\Q1.scala
2023.06.17 16:29:39 WARN  no build target for: C:\Users\hp\Documents\UOC\2nd Year- 1st Semester\SCS-2204_Functional Programming\Tutorial_2\Q1.scala
2023.06.17 16:29:43 WARN  no build target for: C:\Users\hp\Documents\UOC\2nd Year- 1st Semester\SCS-2204_Functional Programming\Tutorial_2\Q1.scala
2023.06.17 16:29:48 WARN  no build target for: C:\Users\hp\Documents\UOC\2nd Year- 1st Semester\SCS-2204_Functional Programming\Tutorial_2\Q1.scala
2023.06.17 16:29:49 WARN  no build target for: C:\Users\hp\Documents\UOC\2nd Year- 1st Semester\SCS-2204_Functional Programming\Tutorial_2\Q1.scala
2023.06.17 16:29:53 WARN  no build target for: C:\Users\hp\Documents\UOC\2nd Year- 1st Semester\SCS-2204_Functional Programming\Tutorial_2\Q1.scala
2023.06.17 16:29:54 WARN  no build target for: C:\Users\hp\Documents\UOC\2nd Year- 1st Semester\SCS-2204_Functional Programming\Tutorial_2\Q1.scala
2023.06.17 16:30:28 WARN  no build target for: C:\Users\hp\Documents\UOC\2nd Year- 1st Semester\SCS-2204_Functional Programming\Tutorial_2\Q1.scala
2023.06.17 16:30:32 WARN  no build target for: C:\Users\hp\Documents\UOC\2nd Year- 1st Semester\SCS-2204_Functional Programming\Tutorial_2\Q1.scala
2023.06.17 16:30:35 WARN  no build target for: C:\Users\hp\Documents\UOC\2nd Year- 1st Semester\SCS-2204_Functional Programming\Tutorial_2\Q1.scala
2023.06.17 16:30:40 WARN  no build target for: C:\Users\hp\Documents\UOC\2nd Year- 1st Semester\SCS-2204_Functional Programming\Tutorial_2\Q1.scala
2023.06.17 16:30:49 WARN  no build target for: C:\Users\hp\Documents\UOC\2nd Year- 1st Semester\SCS-2204_Functional Programming\Tutorial_2\Q1.scala
2023.06.17 16:30:51 WARN  no build target for: C:\Users\hp\Documents\UOC\2nd Year- 1st Semester\SCS-2204_Functional Programming\Tutorial_2\Q1.scala
2023.06.17 16:30:52 WARN  no build target for: C:\Users\hp\Documents\UOC\2nd Year- 1st Semester\SCS-2204_Functional Programming\Tutorial_2\Q1.scala
2023.06.17 16:30:54 WARN  no build target for: C:\Users\hp\Documents\UOC\2nd Year- 1st Semester\SCS-2204_Functional Programming\Tutorial_2\Q1.scala
2023.06.17 16:30:59 WARN  no build target for: C:\Users\hp\Documents\UOC\2nd Year- 1st Semester\SCS-2204_Functional Programming\Tutorial_2\Q1.scala
2023.06.17 16:34:42 WARN  no build target for: C:\Users\hp\Documents\UOC\2nd Year- 1st Semester\SCS-2204_Functional Programming\Tutorial_2\Q1.scala
2023.06.17 16:34:44 WARN  no build target for: C:\Users\hp\Documents\UOC\2nd Year- 1st Semester\SCS-2204_Functional Programming\Tutorial_2\Q1.scala
2023.06.17 16:34:56 WARN  no build target for: C:\Users\hp\Documents\UOC\2nd Year- 1st Semester\SCS-2204_Functional Programming\Tutorial_2\Q1.scala
2023.06.17 16:34:57 WARN  no build target for: C:\Users\hp\Documents\UOC\2nd Year- 1st Semester\SCS-2204_Functional Programming\Tutorial_2\Q1.scala
2023.06.17 16:35:06 WARN  no build target for: C:\Users\hp\Documents\UOC\2nd Year- 1st Semester\SCS-2204_Functional Programming\Tutorial_2\Q1.scala
2023.06.17 16:35:25 WARN  no build target for: C:\Users\hp\Documents\UOC\2nd Year- 1st Semester\SCS-2204_Functional Programming\Tutorial_2\Q1.scala
2023.06.17 16:35:32 WARN  no build target for: C:\Users\hp\Documents\UOC\2nd Year- 1st Semester\SCS-2204_Functional Programming\Tutorial_2\Q1.scala
2023.06.17 16:35:53 WARN  no build target for: C:\Users\hp\Documents\UOC\2nd Year- 1st Semester\SCS-2204_Functional Programming\Tutorial_2\Q1.scala
2023.06.17 16:35:55 WARN  no build target for: C:\Users\hp\Documents\UOC\2nd Year- 1st Semester\SCS-2204_Functional Programming\Tutorial_2\Q1.scala
2023.06.17 16:35:56 WARN  no build target for: C:\Users\hp\Documents\UOC\2nd Year- 1st Semester\SCS-2204_Functional Programming\Tutorial_2\Q1.scala
2023.06.17 16:36:08 WARN  no build target for: C:\Users\hp\Documents\UOC\2nd Year- 1st Semester\SCS-2204_Functional Programming\Tutorial_2\Q1.scala
2023.06.17 16:36:13 WARN  no build target for: C:\Users\hp\Documents\UOC\2nd Year- 1st Semester\SCS-2204_Functional Programming\Tutorial_2\Q1.scala
2023.06.17 16:36:30 WARN  no build target for: C:\Users\hp\Documents\UOC\2nd Year- 1st Semester\SCS-2204_Functional Programming\Tutorial_2\Q2.scala
2023.06.17 16:42:55 WARN  no build target for: C:\Users\hp\Documents\UOC\2nd Year- 1st Semester\SCS-2204_Functional Programming\Tutorial_2\Q3.scala
2023.06.17 16:45:33 WARN  no build target for: C:\Users\hp\Documents\UOC\2nd Year- 1st Semester\SCS-2204_Functional Programming\Tutorial_2\Q3.scala
2023.06.17 16:45:36 WARN  no build target for: C:\Users\hp\Documents\UOC\2nd Year- 1st Semester\SCS-2204_Functional Programming\Tutorial_2\Q3.scala
2023.06.17 16:45:39 WARN  no build target for: C:\Users\hp\Documents\UOC\2nd Year- 1st Semester\SCS-2204_Functional Programming\Tutorial_2\Q3.scala
Jun 17, 2023 4:45:39 PM org.eclipse.lsp4j.jsonrpc.RemoteEndpoint handleCancellation
WARNING: Unmatched cancel notification for request id 2229
2023.06.17 16:45:41 WARN  no build target for: C:\Users\hp\Documents\UOC\2nd Year- 1st Semester\SCS-2204_Functional Programming\Tutorial_2\Q3.scala
2023.06.17 16:45:44 WARN  no build target for: C:\Users\hp\Documents\UOC\2nd Year- 1st Semester\SCS-2204_Functional Programming\Tutorial_2\Q3.scala
2023.06.17 16:45:47 WARN  no build target for: C:\Users\hp\Documents\UOC\2nd Year- 1st Semester\SCS-2204_Functional Programming\Tutorial_2\Q3.scala
2023.06.17 16:45:50 WARN  no build target for: C:\Users\hp\Documents\UOC\2nd Year- 1st Semester\SCS-2204_Functional Programming\Tutorial_2\Q3.scala
2023.06.17 16:45:53 WARN  no build target for: C:\Users\hp\Documents\UOC\2nd Year- 1st Semester\SCS-2204_Functional Programming\Tutorial_2\Q3.scala
2023.06.17 16:45:59 WARN  no build target for: C:\Users\hp\Documents\UOC\2nd Year- 1st Semester\SCS-2204_Functional Programming\Tutorial_2\Q3.scala
2023.06.17 16:46:01 WARN  no build target for: C:\Users\hp\Documents\UOC\2nd Year- 1st Semester\SCS-2204_Functional Programming\Tutorial_2\Q3.scala
2023.06.17 16:46:06 WARN  no build target for: C:\Users\hp\Documents\UOC\2nd Year- 1st Semester\SCS-2204_Functional Programming\Tutorial_2\Q3.scala
2023.06.17 16:46:09 WARN  no build target for: C:\Users\hp\Documents\UOC\2nd Year- 1st Semester\SCS-2204_Functional Programming\Tutorial_2\Q3.scala
Jun 17, 2023 4:46:12 PM org.eclipse.lsp4j.jsonrpc.RemoteEndpoint handleCancellation
WARNING: Unmatched cancel notification for request id 2378
2023.06.17 16:46:14 WARN  no build target for: C:\Users\hp\Documents\UOC\2nd Year- 1st Semester\SCS-2204_Functional Programming\Tutorial_2\Q3.scala
2023.06.17 16:46:16 WARN  no build target for: C:\Users\hp\Documents\UOC\2nd Year- 1st Semester\SCS-2204_Functional Programming\Tutorial_2\Q3.scala
2023.06.17 16:46:24 WARN  no build target for: C:\Users\hp\Documents\UOC\2nd Year- 1st Semester\SCS-2204_Functional Programming\Tutorial_2\Q3.scala
2023.06.17 16:46:27 WARN  no build target for: C:\Users\hp\Documents\UOC\2nd Year- 1st Semester\SCS-2204_Functional Programming\Tutorial_2\Q3.scala
2023.06.17 16:46:37 WARN  no build target for: C:\Users\hp\Documents\UOC\2nd Year- 1st Semester\SCS-2204_Functional Programming\Tutorial_2\Q3.scala
2023.06.17 16:46:40 WARN  no build target for: C:\Users\hp\Documents\UOC\2nd Year- 1st Semester\SCS-2204_Functional Programming\Tutorial_2\Q3.scala
2023.06.17 16:46:42 WARN  no build target for: C:\Users\hp\Documents\UOC\2nd Year- 1st Semester\SCS-2204_Functional Programming\Tutorial_2\Q3.scala
2023.06.17 16:46:44 WARN  no build target for: C:\Users\hp\Documents\UOC\2nd Year- 1st Semester\SCS-2204_Functional Programming\Tutorial_2\Q3.scala
2023.06.17 16:46:45 WARN  no build target for: C:\Users\hp\Documents\UOC\2nd Year- 1st Semester\SCS-2204_Functional Programming\Tutorial_2\Q3.scala
2023.06.17 16:46:57 WARN  no build target for: C:\Users\hp\Documents\UOC\2nd Year- 1st Semester\SCS-2204_Functional Programming\Tutorial_2\Q3.scala
2023.06.17 16:46:59 WARN  no build target for: C:\Users\hp\Documents\UOC\2nd Year- 1st Semester\SCS-2204_Functional Programming\Tutorial_2\Q3.scala
2023.06.17 16:47:38 WARN  no build target for: C:\Users\hp\Documents\UOC\2nd Year- 1st Semester\SCS-2204_Functional Programming\Tutorial_2\Q3.scala
2023.06.17 16:47:47 WARN  no build target for: C:\Users\hp\Documents\UOC\2nd Year- 1st Semester\SCS-2204_Functional Programming\Tutorial_2\Q3.scala
2023.06.17 16:47:48 WARN  no build target for: C:\Users\hp\Documents\UOC\2nd Year- 1st Semester\SCS-2204_Functional Programming\Tutorial_2\Q3.scala
Jun 17, 2023 4:47:49 PM org.eclipse.lsp4j.jsonrpc.RemoteEndpoint handleCancellation
WARNING: Unmatched cancel notification for request id 2579
2023.06.17 16:47:50 WARN  no build target for: C:\Users\hp\Documents\UOC\2nd Year- 1st Semester\SCS-2204_Functional Programming\Tutorial_2\Q3.scala
2023.06.17 16:47:53 WARN  no build target for: C:\Users\hp\Documents\UOC\2nd Year- 1st Semester\SCS-2204_Functional Programming\Tutorial_2\Q3.scala
2023.06.17 16:48:08 WARN  no build target for: C:\Users\hp\Documents\UOC\2nd Year- 1st Semester\SCS-2204_Functional Programming\Tutorial_2\Q3.scala
2023.06.17 16:48:12 WARN  no build target for: C:\Users\hp\Documents\UOC\2nd Year- 1st Semester\SCS-2204_Functional Programming\Tutorial_2\Q3.scala
2023.06.17 16:48:16 WARN  no build target for: C:\Users\hp\Documents\UOC\2nd Year- 1st Semester\SCS-2204_Functional Programming\Tutorial_2\Q3.scala
2023.06.17 16:48:19 WARN  no build target for: C:\Users\hp\Documents\UOC\2nd Year- 1st Semester\SCS-2204_Functional Programming\Tutorial_2\Q3.scala
2023.06.17 16:48:22 WARN  no build target for: C:\Users\hp\Documents\UOC\2nd Year- 1st Semester\SCS-2204_Functional Programming\Tutorial_2\Q3.scala
2023.06.17 16:48:27 WARN  no build target for: C:\Users\hp\Documents\UOC\2nd Year- 1st Semester\SCS-2204_Functional Programming\Tutorial_2\Q3.scala
2023.06.17 16:48:37 WARN  no build target for: C:\Users\hp\Documents\UOC\2nd Year- 1st Semester\SCS-2204_Functional Programming\Tutorial_2\Q3.scala
2023.06.17 16:48:38 WARN  no build target for: C:\Users\hp\Documents\UOC\2nd Year- 1st Semester\SCS-2204_Functional Programming\Tutorial_2\Q3.scala
2023.06.17 16:48:41 WARN  no build target for: C:\Users\hp\Documents\UOC\2nd Year- 1st Semester\SCS-2204_Functional Programming\Tutorial_2\Q3.scala
Jun 17, 2023 4:48:48 PM org.eclipse.lsp4j.jsonrpc.RemoteEndpoint handleCancellation
WARNING: Unmatched cancel notification for request id 2801
2023.06.17 16:48:50 WARN  no build target for: C:\Users\hp\Documents\UOC\2nd Year- 1st Semester\SCS-2204_Functional Programming\Tutorial_2\Q3.scala
2023.06.17 16:48:54 WARN  no build target for: C:\Users\hp\Documents\UOC\2nd Year- 1st Semester\SCS-2204_Functional Programming\Tutorial_2\Q3.scala
2023.06.17 16:48:57 WARN  no build target for: C:\Users\hp\Documents\UOC\2nd Year- 1st Semester\SCS-2204_Functional Programming\Tutorial_2\Q3.scala
2023.06.17 16:49:00 WARN  no build target for: C:\Users\hp\Documents\UOC\2nd Year- 1st Semester\SCS-2204_Functional Programming\Tutorial_2\Q3.scala
2023.06.17 16:49:01 WARN  no build target for: C:\Users\hp\Documents\UOC\2nd Year- 1st Semester\SCS-2204_Functional Programming\Tutorial_2\Q3.scala
2023.06.17 16:49:12 WARN  no build target for: C:\Users\hp\Documents\UOC\2nd Year- 1st Semester\SCS-2204_Functional Programming\Tutorial_2\Q3.scala
2023.06.17 16:49:39 WARN  no build target for: C:\Users\hp\Documents\UOC\2nd Year- 1st Semester\SCS-2204_Functional Programming\Tutorial_2\Q3.scala
2023.06.17 16:49:43 WARN  no build target for: C:\Users\hp\Documents\UOC\2nd Year- 1st Semester\SCS-2204_Functional Programming\Tutorial_2\Q3.scala
2023.06.17 16:49:45 WARN  no build target for: C:\Users\hp\Documents\UOC\2nd Year- 1st Semester\SCS-2204_Functional Programming\Tutorial_2\Q3.scala
2023.06.17 16:49:49 WARN  no build target for: C:\Users\hp\Documents\UOC\2nd Year- 1st Semester\SCS-2204_Functional Programming\Tutorial_2\Q3.scala
2023.06.17 16:50:08 WARN  no build target for: C:\Users\hp\Documents\UOC\2nd Year- 1st Semester\SCS-2204_Functional Programming\Tutorial_2\Q3.scala
2023.06.17 16:50:10 WARN  no build target for: C:\Users\hp\Documents\UOC\2nd Year- 1st Semester\SCS-2204_Functional Programming\Tutorial_2\Q3.scala
2023.06.17 16:50:14 WARN  no build target for: C:\Users\hp\Documents\UOC\2nd Year- 1st Semester\SCS-2204_Functional Programming\Tutorial_2\Q3.scala
2023.06.17 16:50:16 WARN  no build target for: C:\Users\hp\Documents\UOC\2nd Year- 1st Semester\SCS-2204_Functional Programming\Tutorial_2\Q3.scala
2023.06.17 16:50:21 WARN  no build target for: C:\Users\hp\Documents\UOC\2nd Year- 1st Semester\SCS-2204_Functional Programming\Tutorial_2\Q3.scala
Jun 17, 2023 4:50:23 PM org.eclipse.lsp4j.jsonrpc.RemoteEndpoint handleCancellation
WARNING: Unmatched cancel notification for request id 2996
2023.06.17 16:50:25 WARN  no build target for: C:\Users\hp\Documents\UOC\2nd Year- 1st Semester\SCS-2204_Functional Programming\Tutorial_2\Q3.scala
2023.06.17 16:50:28 WARN  no build target for: C:\Users\hp\Documents\UOC\2nd Year- 1st Semester\SCS-2204_Functional Programming\Tutorial_2\Q3.scala
2023.06.17 16:50:31 WARN  no build target for: C:\Users\hp\Documents\UOC\2nd Year- 1st Semester\SCS-2204_Functional Programming\Tutorial_2\Q3.scala
2023.06.17 16:50:34 WARN  no build target for: C:\Users\hp\Documents\UOC\2nd Year- 1st Semester\SCS-2204_Functional Programming\Tutorial_2\Q3.scala
2023.06.17 16:50:37 WARN  no build target for: C:\Users\hp\Documents\UOC\2nd Year- 1st Semester\SCS-2204_Functional Programming\Tutorial_2\Q3.scala
2023.06.17 16:50:39 WARN  no build target for: C:\Users\hp\Documents\UOC\2nd Year- 1st Semester\SCS-2204_Functional Programming\Tutorial_2\Q3.scala
2023.06.17 16:50:44 WARN  no build target for: C:\Users\hp\Documents\UOC\2nd Year- 1st Semester\SCS-2204_Functional Programming\Tutorial_2\Q3.scala
2023.06.17 16:50:48 WARN  no build target for: C:\Users\hp\Documents\UOC\2nd Year- 1st Semester\SCS-2204_Functional Programming\Tutorial_2\Q3.scala
2023.06.17 16:51:59 WARN  no build target for: C:\Users\hp\Documents\UOC\2nd Year- 1st Semester\SCS-2204_Functional Programming\Tutorial_2\Q4.scala
2023.06.17 16:53:35 WARN  no build target for: C:\Users\hp\Documents\UOC\2nd Year- 1st Semester\SCS-2204_Functional Programming\Tutorial_2\Q1.scala
2023.06.17 16:53:38 WARN  no build target for: C:\Users\hp\Documents\UOC\2nd Year- 1st Semester\SCS-2204_Functional Programming\Tutorial_2\Q1.scala
2023.06.17 16:53:40 WARN  no build target for: C:\Users\hp\Documents\UOC\2nd Year- 1st Semester\SCS-2204_Functional Programming\Tutorial_2\Q1.scala
2023.06.17 16:53:45 WARN  no build target for: C:\Users\hp\Documents\UOC\2nd Year- 1st Semester\SCS-2204_Functional Programming\Tutorial_2\Q1.scala
2023.06.17 16:53:52 WARN  no build target for: C:\Users\hp\Documents\UOC\2nd Year- 1st Semester\SCS-2204_Functional Programming\Tutorial_2\Q1.scala
2023.06.17 16:53:56 WARN  no build target for: C:\Users\hp\Documents\UOC\2nd Year- 1st Semester\SCS-2204_Functional Programming\Tutorial_2\Q1.scala
2023.06.17 17:01:45 WARN  no build target for: C:\Users\hp\Documents\UOC\2nd Year- 1st Semester\SCS-2204_Functional Programming\Tutorial_2\Q4.scala
2023.06.17 17:02:02 WARN  no build target for: C:\Users\hp\Documents\UOC\2nd Year- 1st Semester\SCS-2204_Functional Programming\Tutorial_2\Q4.scala
2023.06.17 17:02:10 WARN  no build target for: C:\Users\hp\Documents\UOC\2nd Year- 1st Semester\SCS-2204_Functional Programming\Tutorial_2\Q4.scala
Jun 17, 2023 5:02:11 PM org.eclipse.lsp4j.jsonrpc.RemoteEndpoint handleCancellation
WARNING: Unmatched cancel notification for request id 3266
2023.06.17 17:02:12 WARN  no build target for: C:\Users\hp\Documents\UOC\2nd Year- 1st Semester\SCS-2204_Functional Programming\Tutorial_2\Q4.scala
2023.06.17 17:02:18 WARN  no build target for: C:\Users\hp\Documents\UOC\2nd Year- 1st Semester\SCS-2204_Functional Programming\Tutorial_2\Q4.scala
2023.06.17 17:02:24 WARN  no build target for: C:\Users\hp\Documents\UOC\2nd Year- 1st Semester\SCS-2204_Functional Programming\Tutorial_2\Q4.scala
2023.06.17 17:02:31 WARN  no build target for: C:\Users\hp\Documents\UOC\2nd Year- 1st Semester\SCS-2204_Functional Programming\Tutorial_2\Q4.scala
2023.06.17 17:02:32 WARN  no build target for: C:\Users\hp\Documents\UOC\2nd Year- 1st Semester\SCS-2204_Functional Programming\Tutorial_2\Q4.scala
2023.06.17 17:02:37 WARN  no build target for: C:\Users\hp\Documents\UOC\2nd Year- 1st Semester\SCS-2204_Functional Programming\Tutorial_2\Q4.scala
2023.06.17 17:02:39 WARN  no build target for: C:\Users\hp\Documents\UOC\2nd Year- 1st Semester\SCS-2204_Functional Programming\Tutorial_2\Q4.scala
2023.06.17 17:02:45 WARN  no build target for: C:\Users\hp\Documents\UOC\2nd Year- 1st Semester\SCS-2204_Functional Programming\Tutorial_2\Q4.scala
2023.06.17 17:02:49 WARN  no build target for: C:\Users\hp\Documents\UOC\2nd Year- 1st Semester\SCS-2204_Functional Programming\Tutorial_2\Q4.scala
2023.06.17 17:02:56 WARN  no build target for: C:\Users\hp\Documents\UOC\2nd Year- 1st Semester\SCS-2204_Functional Programming\Tutorial_2\Q4.scala
2023.06.17 17:03:07 WARN  no build target for: C:\Users\hp\Documents\UOC\2nd Year- 1st Semester\SCS-2204_Functional Programming\Tutorial_2\Q4.scala
2023.06.17 17:03:17 WARN  no build target for: C:\Users\hp\Documents\UOC\2nd Year- 1st Semester\SCS-2204_Functional Programming\Tutorial_2\Q4.scala
2023.06.17 17:03:22 WARN  no build target for: C:\Users\hp\Documents\UOC\2nd Year- 1st Semester\SCS-2204_Functional Programming\Tutorial_2\Q4.scala
2023.06.17 17:03:26 WARN  no build target for: C:\Users\hp\Documents\UOC\2nd Year- 1st Semester\SCS-2204_Functional Programming\Tutorial_2\Q4.scala
2023.06.17 17:03:27 WARN  no build target for: C:\Users\hp\Documents\UOC\2nd Year- 1st Semester\SCS-2204_Functional Programming\Tutorial_2\Q4.scala
2023.06.17 17:03:29 WARN  no build target for: C:\Users\hp\Documents\UOC\2nd Year- 1st Semester\SCS-2204_Functional Programming\Tutorial_2\Q4.scala
2023.06.17 17:03:31 WARN  no build target for: C:\Users\hp\Documents\UOC\2nd Year- 1st Semester\SCS-2204_Functional Programming\Tutorial_2\Q4.scala
2023.06.17 17:03:52 WARN  no build target for: C:\Users\hp\Documents\UOC\2nd Year- 1st Semester\SCS-2204_Functional Programming\Tutorial_2\Q4.scala
2023.06.17 17:03:57 WARN  no build target for: C:\Users\hp\Documents\UOC\2nd Year- 1st Semester\SCS-2204_Functional Programming\Tutorial_2\Q4.scala
2023.06.17 17:03:58 WARN  no build target for: C:\Users\hp\Documents\UOC\2nd Year- 1st Semester\SCS-2204_Functional Programming\Tutorial_2\Q4.scala
2023.06.17 17:04:09 WARN  no build target for: C:\Users\hp\Documents\UOC\2nd Year- 1st Semester\SCS-2204_Functional Programming\Tutorial_2\Q4.scala
2023.06.17 17:04:15 WARN  no build target for: C:\Users\hp\Documents\UOC\2nd Year- 1st Semester\SCS-2204_Functional Programming\Tutorial_2\Q4.scala
2023.06.17 17:04:17 WARN  no build target for: C:\Users\hp\Documents\UOC\2nd Year- 1st Semester\SCS-2204_Functional Programming\Tutorial_2\Q4.scala
2023.06.17 17:04:19 WARN  no build target for: C:\Users\hp\Documents\UOC\2nd Year- 1st Semester\SCS-2204_Functional Programming\Tutorial_2\Q4.scala
2023.06.17 17:04:24 WARN  no build target for: C:\Users\hp\Documents\UOC\2nd Year- 1st Semester\SCS-2204_Functional Programming\Tutorial_2\Q4.scala
2023.06.17 17:04:26 WARN  no build target for: C:\Users\hp\Documents\UOC\2nd Year- 1st Semester\SCS-2204_Functional Programming\Tutorial_2\Q4.scala
2023.06.17 17:05:32 WARN  no build target for: C:\Users\hp\Documents\UOC\2nd Year- 1st Semester\SCS-2204_Functional Programming\Tutorial_2\Q4.scala
2023.06.17 17:05:36 WARN  no build target for: C:\Users\hp\Documents\UOC\2nd Year- 1st Semester\SCS-2204_Functional Programming\Tutorial_2\Q4.scala
2023.06.17 17:05:37 WARN  no build target for: C:\Users\hp\Documents\UOC\2nd Year- 1st Semester\SCS-2204_Functional Programming\Tutorial_2\Q4.scala
2023.06.17 17:05:42 WARN  no build target for: C:\Users\hp\Documents\UOC\2nd Year- 1st Semester\SCS-2204_Functional Programming\Tutorial_2\Q4.scala
2023.06.17 17:05:44 WARN  no build target for: C:\Users\hp\Documents\UOC\2nd Year- 1st Semester\SCS-2204_Functional Programming\Tutorial_2\Q4.scala
2023.06.17 17:07:12 WARN  no build target for: C:\Users\hp\Documents\UOC\2nd Year- 1st Semester\SCS-2204_Functional Programming\Tutorial_2\Q4.scala
2023.06.17 17:07:14 WARN  no build target for: C:\Users\hp\Documents\UOC\2nd Year- 1st Semester\SCS-2204_Functional Programming\Tutorial_2\Q4.scala
2023.06.17 17:07:15 WARN  no build target for: C:\Users\hp\Documents\UOC\2nd Year- 1st Semester\SCS-2204_Functional Programming\Tutorial_2\Q4.scala
2023.06.17 17:07:50 WARN  no build target for: C:\Users\hp\Documents\UOC\2nd Year- 1st Semester\SCS-2204_Functional Programming\Tutorial_2\Q4.scala
2023.06.17 17:07:55 WARN  no build target for: C:\Users\hp\Documents\UOC\2nd Year- 1st Semester\SCS-2204_Functional Programming\Tutorial_2\Q4.scala
2023.06.17 17:08:01 WARN  no build target for: C:\Users\hp\Documents\UOC\2nd Year- 1st Semester\SCS-2204_Functional Programming\Tutorial_2\Q4.scala
2023.06.17 17:08:02 WARN  no build target for: C:\Users\hp\Documents\UOC\2nd Year- 1st Semester\SCS-2204_Functional Programming\Tutorial_2\Q4.scala
2023.06.17 17:08:03 WARN  no build target for: C:\Users\hp\Documents\UOC\2nd Year- 1st Semester\SCS-2204_Functional Programming\Tutorial_2\Q4.scala
2023.06.17 17:08:04 WARN  no build target for: C:\Users\hp\Documents\UOC\2nd Year- 1st Semester\SCS-2204_Functional Programming\Tutorial_2\Q4.scala
2023.06.17 17:08:06 WARN  no build target for: C:\Users\hp\Documents\UOC\2nd Year- 1st Semester\SCS-2204_Functional Programming\Tutorial_2\Q4.scala
2023.06.17 17:08:14 WARN  no build target for: C:\Users\hp\Documents\UOC\2nd Year- 1st Semester\SCS-2204_Functional Programming\Tutorial_2\Q4.scala
2023.06.17 17:08:16 WARN  no build target for: C:\Users\hp\Documents\UOC\2nd Year- 1st Semester\SCS-2204_Functional Programming\Tutorial_2\Q4.scala
2023.06.17 17:08:19 WARN  no build target for: C:\Users\hp\Documents\UOC\2nd Year- 1st Semester\SCS-2204_Functional Programming\Tutorial_2\Q4.scala
2023.06.17 17:08:24 WARN  no build target for: C:\Users\hp\Documents\UOC\2nd Year- 1st Semester\SCS-2204_Functional Programming\Tutorial_2\Q4.scala
2023.06.17 17:08:29 WARN  no build target for: C:\Users\hp\Documents\UOC\2nd Year- 1st Semester\SCS-2204_Functional Programming\Tutorial_2\Q4.scala
2023.06.17 17:09:13 WARN  no build target for: C:\Users\hp\Documents\UOC\2nd Year- 1st Semester\SCS-2204_Functional Programming\Tutorial_2\Q4.scala
2023.06.17 17:09:16 WARN  no build target for: C:\Users\hp\Documents\UOC\2nd Year- 1st Semester\SCS-2204_Functional Programming\Tutorial_2\Q4.scala
2023.06.17 17:09:17 WARN  no build target for: C:\Users\hp\Documents\UOC\2nd Year- 1st Semester\SCS-2204_Functional Programming\Tutorial_2\Q4.scala
2023.06.17 17:09:18 WARN  no build target for: C:\Users\hp\Documents\UOC\2nd Year- 1st Semester\SCS-2204_Functional Programming\Tutorial_2\Q4.scala
2023.06.17 17:09:54 WARN  no build target for: C:\Users\hp\Documents\UOC\2nd Year- 1st Semester\SCS-2204_Functional Programming\Tutorial_2\Q4.scala
2023.06.17 17:09:56 WARN  no build target for: C:\Users\hp\Documents\UOC\2nd Year- 1st Semester\SCS-2204_Functional Programming\Tutorial_2\Q4.scala
2023.06.17 17:10:34 WARN  no build target for: C:\Users\hp\Documents\UOC\2nd Year- 1st Semester\SCS-2204_Functional Programming\Tutorial_2\Q4.scala
2023.06.17 22:33:53 INFO  Started: Metals version 0.11.12 in workspace 'C:\Users\hp\Documents\UOC\2nd Year- 1st Semester\SCS-2204_Functional Programming\Tutorial_2' for client Visual Studio Code 1.79.0.
Jun 17, 2023 10:33:53 PM org.flywaydb.core.internal.license.VersionPrinter printVersionOnly
INFO: Flyway Community Edition 9.16.3 by Redgate
Jun 17, 2023 10:33:53 PM org.flywaydb.core.internal.license.VersionPrinter printVersion
INFO: See release notes here: https://rd.gt/416ObMi
Jun 17, 2023 10:33:53 PM org.flywaydb.core.internal.license.VersionPrinter printVersion
INFO: 
Jun 17, 2023 10:33:58 PM org.flywaydb.core.internal.database.base.BaseDatabaseType createDatabase
INFO: Database: jdbc:h2:file:C:\Users\hp\Documents\UOC\2nd Year- 1st Semester\SCS-2204_Functional Programming\Tutorial_2\.metals\metals (H2 2.1)
Jun 17, 2023 10:33:58 PM org.flywaydb.core.internal.command.DbValidate validate
INFO: Successfully validated 4 migrations (execution time 00:00.037s)
Jun 17, 2023 10:33:58 PM org.flywaydb.core.internal.command.DbMigrate migrateGroup
INFO: Current version of schema "PUBLIC": 4
Jun 17, 2023 10:33:58 PM org.flywaydb.core.internal.command.DbMigrate logSummary
INFO: Schema "PUBLIC" is up to date. No migration necessary.
2023.06.17 22:33:58 INFO  time: initialize in 4.93s
2023.06.17 22:34:02 WARN  Build server is not auto-connectable.
2023.06.17 22:34:02 WARN  no build tool detected in workspace 'C:\Users\hp\Documents\UOC\2nd Year- 1st Semester\SCS-2204_Functional Programming\Tutorial_2'. The most common cause for this problem is that the editor was opened in the wrong working directory, for example if you use sbt then the workspace directory should contain build.sbt. 
2023.06.17 22:34:02 WARN  no build target for: C:\Users\hp\Documents\UOC\2nd Year- 1st Semester\SCS-2204_Functional Programming\Tutorial_2\Q3.scala
2023.06.17 22:34:02 WARN  no build target for: C:\Users\hp\Documents\UOC\2nd Year- 1st Semester\SCS-2204_Functional Programming\Tutorial_2\Q2.scala
2023.06.17 22:34:02 WARN  no build target for: C:\Users\hp\Documents\UOC\2nd Year- 1st Semester\SCS-2204_Functional Programming\Tutorial_2\Q4.scala
2023.06.17 22:34:12 INFO  no build target found for C:\Users\hp\Documents\UOC\2nd Year- 1st Semester\SCS-2204_Functional Programming\Tutorial_2\Q4.scala. Using presentation compiler with project's scala-library version: 3.2.2
2023.06.17 22:34:19 INFO  time: code lens generation in 17s
2023.06.17 22:53:36 WARN  no build target for: C:\Users\hp\Documents\UOC\2nd Year- 1st Semester\SCS-2204_Functional Programming\Tutorial_2\Q4.scala
2023.06.17 23:09:46 WARN  no build target for: C:\Users\hp\Documents\UOC\2nd Year- 1st Semester\SCS-2204_Functional Programming\Tutorial_2\Q4.scala
2023.06.17 23:09:51 WARN  no build target for: C:\Users\hp\Documents\UOC\2nd Year- 1st Semester\SCS-2204_Functional Programming\Tutorial_2\Q4.scala
2023.06.17 23:09:53 WARN  no build target for: C:\Users\hp\Documents\UOC\2nd Year- 1st Semester\SCS-2204_Functional Programming\Tutorial_2\Q4.scala
2023.06.17 23:10:00 WARN  no build target for: C:\Users\hp\Documents\UOC\2nd Year- 1st Semester\SCS-2204_Functional Programming\Tutorial_2\Q4.scala
2023.06.17 23:10:02 WARN  no build target for: C:\Users\hp\Documents\UOC\2nd Year- 1st Semester\SCS-2204_Functional Programming\Tutorial_2\Q4.scala
2023.06.17 23:10:31 WARN  no build target for: C:\Users\hp\Documents\UOC\2nd Year- 1st Semester\SCS-2204_Functional Programming\Tutorial_2\Q4.scala
2023.06.17 23:10:32 WARN  no build target for: C:\Users\hp\Documents\UOC\2nd Year- 1st Semester\SCS-2204_Functional Programming\Tutorial_2\Q4.scala
2023.06.17 23:10:37 WARN  no build target for: C:\Users\hp\Documents\UOC\2nd Year- 1st Semester\SCS-2204_Functional Programming\Tutorial_2\Q4.scala
2023.06.17 23:15:11 WARN  no build target for: C:\Users\hp\Documents\UOC\2nd Year- 1st Semester\SCS-2204_Functional Programming\Tutorial_2\Q4.scala
Jun 17, 2023 11:15:11 PM org.eclipse.lsp4j.jsonrpc.RemoteEndpoint handleCancellation
WARNING: Unmatched cancel notification for request id 98
2023.06.17 23:18:58 WARN  no build target for: C:\Users\hp\Documents\UOC\2nd Year- 1st Semester\SCS-2204_Functional Programming\Tutorial_2\Q4.scala
2023.06.17 23:19:00 WARN  no build target for: C:\Users\hp\Documents\UOC\2nd Year- 1st Semester\SCS-2204_Functional Programming\Tutorial_2\Q4.scala
2023.06.17 23:19:04 WARN  no build target for: C:\Users\hp\Documents\UOC\2nd Year- 1st Semester\SCS-2204_Functional Programming\Tutorial_2\Q4.scala
Jun 17, 2023 11:19:06 PM org.eclipse.lsp4j.jsonrpc.RemoteEndpoint handleCancellation
WARNING: Unmatched cancel notification for request id 146
2023.06.17 23:19:07 WARN  no build target for: C:\Users\hp\Documents\UOC\2nd Year- 1st Semester\SCS-2204_Functional Programming\Tutorial_2\Q4.scala
2023.06.17 23:19:09 WARN  no build target for: C:\Users\hp\Documents\UOC\2nd Year- 1st Semester\SCS-2204_Functional Programming\Tutorial_2\Q4.scala
2023.06.17 23:19:10 WARN  no build target for: C:\Users\hp\Documents\UOC\2nd Year- 1st Semester\SCS-2204_Functional Programming\Tutorial_2\Q4.scala
Jun 17, 2023 11:19:11 PM org.eclipse.lsp4j.jsonrpc.RemoteEndpoint handleCancellation
WARNING: Unmatched cancel notification for request id 176
2023.06.17 23:19:12 WARN  no build target for: C:\Users\hp\Documents\UOC\2nd Year- 1st Semester\SCS-2204_Functional Programming\Tutorial_2\Q4.scala
2023.06.17 23:19:16 WARN  no build target for: C:\Users\hp\Documents\UOC\2nd Year- 1st Semester\SCS-2204_Functional Programming\Tutorial_2\Q4.scala
2023.06.17 23:19:23 WARN  no build target for: C:\Users\hp\Documents\UOC\2nd Year- 1st Semester\SCS-2204_Functional Programming\Tutorial_2\Q4.scala
2023.06.17 23:19:24 WARN  no build target for: C:\Users\hp\Documents\UOC\2nd Year- 1st Semester\SCS-2204_Functional Programming\Tutorial_2\Q4.scala
2023.06.17 23:19:26 WARN  no build target for: C:\Users\hp\Documents\UOC\2nd Year- 1st Semester\SCS-2204_Functional Programming\Tutorial_2\Q4.scala
2023.06.17 23:19:29 WARN  no build target for: C:\Users\hp\Documents\UOC\2nd Year- 1st Semester\SCS-2204_Functional Programming\Tutorial_2\Q4.scala
2023.06.17 23:19:32 WARN  no build target for: C:\Users\hp\Documents\UOC\2nd Year- 1st Semester\SCS-2204_Functional Programming\Tutorial_2\Q4.scala
Jun 17, 2023 11:19:34 PM org.eclipse.lsp4j.jsonrpc.RemoteEndpoint handleCancellation
WARNING: Unmatched cancel notification for request id 268
2023.06.17 23:19:35 WARN  no build target for: C:\Users\hp\Documents\UOC\2nd Year- 1st Semester\SCS-2204_Functional Programming\Tutorial_2\Q4.scala
2023.06.17 23:19:45 WARN  no build target for: C:\Users\hp\Documents\UOC\2nd Year- 1st Semester\SCS-2204_Functional Programming\Tutorial_2\Q4.scala
2023.06.17 23:19:48 WARN  no build target for: C:\Users\hp\Documents\UOC\2nd Year- 1st Semester\SCS-2204_Functional Programming\Tutorial_2\Q4.scala
2023.06.17 23:19:57 WARN  no build target for: C:\Users\hp\Documents\UOC\2nd Year- 1st Semester\SCS-2204_Functional Programming\Tutorial_2\Q4.scala
2023.06.17 23:20:00 WARN  no build target for: C:\Users\hp\Documents\UOC\2nd Year- 1st Semester\SCS-2204_Functional Programming\Tutorial_2\Q4.scala
2023.06.17 23:20:10 WARN  no build target for: C:\Users\hp\Documents\UOC\2nd Year- 1st Semester\SCS-2204_Functional Programming\Tutorial_2\Q4.scala
2023.06.17 23:20:14 WARN  no build target for: C:\Users\hp\Documents\UOC\2nd Year- 1st Semester\SCS-2204_Functional Programming\Tutorial_2\Q4.scala
2023.06.17 23:20:18 WARN  no build target for: C:\Users\hp\Documents\UOC\2nd Year- 1st Semester\SCS-2204_Functional Programming\Tutorial_2\Q4.scala
2023.06.17 23:20:21 WARN  no build target for: C:\Users\hp\Documents\UOC\2nd Year- 1st Semester\SCS-2204_Functional Programming\Tutorial_2\Q4.scala
2023.06.17 23:20:25 WARN  no build target for: C:\Users\hp\Documents\UOC\2nd Year- 1st Semester\SCS-2204_Functional Programming\Tutorial_2\Q4.scala
2023.06.17 23:20:28 WARN  no build target for: C:\Users\hp\Documents\UOC\2nd Year- 1st Semester\SCS-2204_Functional Programming\Tutorial_2\Q4.scala
2023.06.17 23:20:29 WARN  no build target for: C:\Users\hp\Documents\UOC\2nd Year- 1st Semester\SCS-2204_Functional Programming\Tutorial_2\Q4.scala
2023.06.17 23:20:33 WARN  no build target for: C:\Users\hp\Documents\UOC\2nd Year- 1st Semester\SCS-2204_Functional Programming\Tutorial_2\Q4.scala
2023.06.17 23:20:38 WARN  no build target for: C:\Users\hp\Documents\UOC\2nd Year- 1st Semester\SCS-2204_Functional Programming\Tutorial_2\Q4.scala
2023.06.17 23:20:44 WARN  no build target for: C:\Users\hp\Documents\UOC\2nd Year- 1st Semester\SCS-2204_Functional Programming\Tutorial_2\Q4.scala
2023.06.17 23:20:50 WARN  no build target for: C:\Users\hp\Documents\UOC\2nd Year- 1st Semester\SCS-2204_Functional Programming\Tutorial_2\Q4.scala
2023.06.17 23:20:56 WARN  no build target for: C:\Users\hp\Documents\UOC\2nd Year- 1st Semester\SCS-2204_Functional Programming\Tutorial_2\Q4.scala
2023.06.17 23:21:00 WARN  no build target for: C:\Users\hp\Documents\UOC\2nd Year- 1st Semester\SCS-2204_Functional Programming\Tutorial_2\Q4.scala
2023.06.17 23:21:02 WARN  no build target for: C:\Users\hp\Documents\UOC\2nd Year- 1st Semester\SCS-2204_Functional Programming\Tutorial_2\Q4.scala
2023.06.17 23:21:04 WARN  no build target for: C:\Users\hp\Documents\UOC\2nd Year- 1st Semester\SCS-2204_Functional Programming\Tutorial_2\Q4.scala
2023.06.17 23:21:07 WARN  no build target for: C:\Users\hp\Documents\UOC\2nd Year- 1st Semester\SCS-2204_Functional Programming\Tutorial_2\Q4.scala
2023.06.17 23:21:11 WARN  no build target for: C:\Users\hp\Documents\UOC\2nd Year- 1st Semester\SCS-2204_Functional Programming\Tutorial_2\Q4.scala
2023.06.17 23:21:13 WARN  no build target for: C:\Users\hp\Documents\UOC\2nd Year- 1st Semester\SCS-2204_Functional Programming\Tutorial_2\Q4.scala
2023.06.17 23:21:16 WARN  no build target for: C:\Users\hp\Documents\UOC\2nd Year- 1st Semester\SCS-2204_Functional Programming\Tutorial_2\Q4.scala
2023.06.17 23:21:18 WARN  no build target for: C:\Users\hp\Documents\UOC\2nd Year- 1st Semester\SCS-2204_Functional Programming\Tutorial_2\Q4.scala
Jun 17, 2023 11:21:20 PM org.eclipse.lsp4j.jsonrpc.RemoteEndpoint handleCancellation
WARNING: Unmatched cancel notification for request id 561
2023.06.17 23:21:24 WARN  no build target for: C:\Users\hp\Documents\UOC\2nd Year- 1st Semester\SCS-2204_Functional Programming\Tutorial_2\Q4.scala
2023.06.17 23:21:28 WARN  no build target for: C:\Users\hp\Documents\UOC\2nd Year- 1st Semester\SCS-2204_Functional Programming\Tutorial_2\Q4.scala
2023.06.17 23:21:33 WARN  no build target for: C:\Users\hp\Documents\UOC\2nd Year- 1st Semester\SCS-2204_Functional Programming\Tutorial_2\Q4.scala
2023.06.17 23:21:38 WARN  no build target for: C:\Users\hp\Documents\UOC\2nd Year- 1st Semester\SCS-2204_Functional Programming\Tutorial_2\Q4.scala
2023.06.17 23:21:41 WARN  no build target for: C:\Users\hp\Documents\UOC\2nd Year- 1st Semester\SCS-2204_Functional Programming\Tutorial_2\Q4.scala
2023.06.17 23:21:49 WARN  no build target for: C:\Users\hp\Documents\UOC\2nd Year- 1st Semester\SCS-2204_Functional Programming\Tutorial_2\Q4.scala
2023.06.17 23:21:52 WARN  no build target for: C:\Users\hp\Documents\UOC\2nd Year- 1st Semester\SCS-2204_Functional Programming\Tutorial_2\Q4.scala
2023.06.17 23:21:55 WARN  no build target for: C:\Users\hp\Documents\UOC\2nd Year- 1st Semester\SCS-2204_Functional Programming\Tutorial_2\Q4.scala
2023.06.17 23:22:00 WARN  no build target for: C:\Users\hp\Documents\UOC\2nd Year- 1st Semester\SCS-2204_Functional Programming\Tutorial_2\Q4.scala
2023.06.17 23:22:04 WARN  no build target for: C:\Users\hp\Documents\UOC\2nd Year- 1st Semester\SCS-2204_Functional Programming\Tutorial_2\Q4.scala
2023.06.17 23:22:05 WARN  no build target for: C:\Users\hp\Documents\UOC\2nd Year- 1st Semester\SCS-2204_Functional Programming\Tutorial_2\Q4.scala
2023.06.17 23:22:07 WARN  no build target for: C:\Users\hp\Documents\UOC\2nd Year- 1st Semester\SCS-2204_Functional Programming\Tutorial_2\Q4.scala
2023.06.17 23:22:10 WARN  no build target for: C:\Users\hp\Documents\UOC\2nd Year- 1st Semester\SCS-2204_Functional Programming\Tutorial_2\Q4.scala
2023.06.17 23:22:13 WARN  no build target for: C:\Users\hp\Documents\UOC\2nd Year- 1st Semester\SCS-2204_Functional Programming\Tutorial_2\Q4.scala
2023.06.17 23:22:14 WARN  no build target for: C:\Users\hp\Documents\UOC\2nd Year- 1st Semester\SCS-2204_Functional Programming\Tutorial_2\Q4.scala
2023.06.17 23:22:19 WARN  no build target for: C:\Users\hp\Documents\UOC\2nd Year- 1st Semester\SCS-2204_Functional Programming\Tutorial_2\Q4.scala
2023.06.17 23:22:21 WARN  no build target for: C:\Users\hp\Documents\UOC\2nd Year- 1st Semester\SCS-2204_Functional Programming\Tutorial_2\Q4.scala
2023.06.17 23:22:36 WARN  no build target for: C:\Users\hp\Documents\UOC\2nd Year- 1st Semester\SCS-2204_Functional Programming\Tutorial_2\Q4.scala
2023.06.17 23:22:39 WARN  no build target for: C:\Users\hp\Documents\UOC\2nd Year- 1st Semester\SCS-2204_Functional Programming\Tutorial_2\Q4.scala
2023.06.17 23:22:41 WARN  no build target for: C:\Users\hp\Documents\UOC\2nd Year- 1st Semester\SCS-2204_Functional Programming\Tutorial_2\Q4.scala
2023.06.17 23:22:42 WARN  no build target for: C:\Users\hp\Documents\UOC\2nd Year- 1st Semester\SCS-2204_Functional Programming\Tutorial_2\Q4.scala
2023.06.17 23:22:46 WARN  no build target for: C:\Users\hp\Documents\UOC\2nd Year- 1st Semester\SCS-2204_Functional Programming\Tutorial_2\Q4.scala
2023.06.17 23:23:38 WARN  no build target for: C:\Users\hp\Documents\UOC\2nd Year- 1st Semester\SCS-2204_Functional Programming\Tutorial_2\Q4.scala
2023.06.17 23:23:40 WARN  no build target for: C:\Users\hp\Documents\UOC\2nd Year- 1st Semester\SCS-2204_Functional Programming\Tutorial_2\Q4.scala
2023.06.17 23:23:44 WARN  no build target for: C:\Users\hp\Documents\UOC\2nd Year- 1st Semester\SCS-2204_Functional Programming\Tutorial_2\Q4.scala
2023.06.17 23:23:50 WARN  no build target for: C:\Users\hp\Documents\UOC\2nd Year- 1st Semester\SCS-2204_Functional Programming\Tutorial_2\Q4.scala
Jun 17, 2023 11:23:50 PM org.eclipse.lsp4j.jsonrpc.RemoteEndpoint handleCancellation
WARNING: Unmatched cancel notification for request id 950
2023.06.17 23:23:51 WARN  no build target for: C:\Users\hp\Documents\UOC\2nd Year- 1st Semester\SCS-2204_Functional Programming\Tutorial_2\Q4.scala
2023.06.17 23:24:00 WARN  no build target for: C:\Users\hp\Documents\UOC\2nd Year- 1st Semester\SCS-2204_Functional Programming\Tutorial_2\Q4.scala
2023.06.17 23:24:08 WARN  no build target for: C:\Users\hp\Documents\UOC\2nd Year- 1st Semester\SCS-2204_Functional Programming\Tutorial_2\Q4.scala
2023.06.17 23:24:10 WARN  no build target for: C:\Users\hp\Documents\UOC\2nd Year- 1st Semester\SCS-2204_Functional Programming\Tutorial_2\Q4.scala
2023.06.17 23:24:16 WARN  no build target for: C:\Users\hp\Documents\UOC\2nd Year- 1st Semester\SCS-2204_Functional Programming\Tutorial_2\Q4.scala
2023.06.17 23:24:19 WARN  no build target for: C:\Users\hp\Documents\UOC\2nd Year- 1st Semester\SCS-2204_Functional Programming\Tutorial_2\Q4.scala
2023.06.17 23:24:27 WARN  no build target for: C:\Users\hp\Documents\UOC\2nd Year- 1st Semester\SCS-2204_Functional Programming\Tutorial_2\Q4.scala
2023.06.17 23:24:29 WARN  no build target for: C:\Users\hp\Documents\UOC\2nd Year- 1st Semester\SCS-2204_Functional Programming\Tutorial_2\Q4.scala
2023.06.17 23:24:40 WARN  no build target for: C:\Users\hp\Documents\UOC\2nd Year- 1st Semester\SCS-2204_Functional Programming\Tutorial_2\Q4.scala
2023.06.17 23:24:43 WARN  no build target for: C:\Users\hp\Documents\UOC\2nd Year- 1st Semester\SCS-2204_Functional Programming\Tutorial_2\Q4.scala
2023.06.17 23:24:46 WARN  no build target for: C:\Users\hp\Documents\UOC\2nd Year- 1st Semester\SCS-2204_Functional Programming\Tutorial_2\Q4.scala
2023.06.17 23:24:49 WARN  no build target for: C:\Users\hp\Documents\UOC\2nd Year- 1st Semester\SCS-2204_Functional Programming\Tutorial_2\Q4.scala
2023.06.17 23:25:25 WARN  no build target for: C:\Users\hp\Documents\UOC\2nd Year- 1st Semester\SCS-2204_Functional Programming\Tutorial_2\Q4.scala
2023.06.17 23:25:35 WARN  no build target for: C:\Users\hp\Documents\UOC\2nd Year- 1st Semester\SCS-2204_Functional Programming\Tutorial_2\Q4.scala
2023.06.17 23:25:35 INFO  time: code lens generation in 1.47s
2023.06.17 23:25:42 WARN  no build target for: C:\Users\hp\Documents\UOC\2nd Year- 1st Semester\SCS-2204_Functional Programming\Tutorial_2\Q4.scala
2023.06.17 23:25:47 WARN  no build target for: C:\Users\hp\Documents\UOC\2nd Year- 1st Semester\SCS-2204_Functional Programming\Tutorial_2\Q4.scala
2023.06.17 23:25:49 WARN  no build target for: C:\Users\hp\Documents\UOC\2nd Year- 1st Semester\SCS-2204_Functional Programming\Tutorial_2\Q4.scala
2023.06.17 23:26:03 WARN  no build target for: C:\Users\hp\Documents\UOC\2nd Year- 1st Semester\SCS-2204_Functional Programming\Tutorial_2\Q4.scala
2023.06.17 23:26:04 WARN  no build target for: C:\Users\hp\Documents\UOC\2nd Year- 1st Semester\SCS-2204_Functional Programming\Tutorial_2\Q4.scala
2023.06.17 23:26:08 WARN  no build target for: C:\Users\hp\Documents\UOC\2nd Year- 1st Semester\SCS-2204_Functional Programming\Tutorial_2\Q4.scala
2023.06.17 23:26:12 WARN  no build target for: C:\Users\hp\Documents\UOC\2nd Year- 1st Semester\SCS-2204_Functional Programming\Tutorial_2\Q4.scala
2023.06.17 23:26:19 WARN  no build target for: C:\Users\hp\Documents\UOC\2nd Year- 1st Semester\SCS-2204_Functional Programming\Tutorial_2\Q4.scala
2023.06.17 23:26:23 WARN  no build target for: C:\Users\hp\Documents\UOC\2nd Year- 1st Semester\SCS-2204_Functional Programming\Tutorial_2\Q4.scala
2023.06.17 23:26:31 WARN  no build target for: C:\Users\hp\Documents\UOC\2nd Year- 1st Semester\SCS-2204_Functional Programming\Tutorial_2\Q4.scala
2023.06.17 23:26:32 WARN  no build target for: C:\Users\hp\Documents\UOC\2nd Year- 1st Semester\SCS-2204_Functional Programming\Tutorial_2\Q4.scala
2023.06.17 23:26:40 WARN  no build target for: C:\Users\hp\Documents\UOC\2nd Year- 1st Semester\SCS-2204_Functional Programming\Tutorial_2\Q4.scala
2023.06.17 23:33:29 WARN  no build target for: C:\Users\hp\Documents\UOC\2nd Year- 1st Semester\SCS-2204_Functional Programming\Tutorial_2\Q4.scala
2023.06.17 23:34:13 WARN  no build target for: C:\Users\hp\Documents\UOC\2nd Year- 1st Semester\SCS-2204_Functional Programming\Tutorial_2\Q4.scala
2023.06.17 23:34:22 WARN  no build target for: C:\Users\hp\Documents\UOC\2nd Year- 1st Semester\SCS-2204_Functional Programming\Tutorial_2\Q4.scala
2023.06.17 23:34:24 WARN  no build target for: C:\Users\hp\Documents\UOC\2nd Year- 1st Semester\SCS-2204_Functional Programming\Tutorial_2\Q4.scala
2023.06.17 23:34:28 WARN  no build target for: C:\Users\hp\Documents\UOC\2nd Year- 1st Semester\SCS-2204_Functional Programming\Tutorial_2\Q4.scala
2023.06.17 23:37:18 WARN  no build target for: C:\Users\hp\Documents\UOC\2nd Year- 1st Semester\SCS-2204_Functional Programming\Tutorial_2\Q4.scala
2023.06.17 23:37:20 WARN  no build target for: C:\Users\hp\Documents\UOC\2nd Year- 1st Semester\SCS-2204_Functional Programming\Tutorial_2\Q4.scala
Jun 17, 2023 11:37:22 PM org.eclipse.lsp4j.jsonrpc.RemoteEndpoint handleCancellation
WARNING: Unmatched cancel notification for request id 1389
2023.06.17 23:37:23 WARN  no build target for: C:\Users\hp\Documents\UOC\2nd Year- 1st Semester\SCS-2204_Functional Programming\Tutorial_2\Q4.scala
2023.06.17 23:37:26 WARN  no build target for: C:\Users\hp\Documents\UOC\2nd Year- 1st Semester\SCS-2204_Functional Programming\Tutorial_2\Q4.scala
2023.06.17 23:37:28 WARN  no build target for: C:\Users\hp\Documents\UOC\2nd Year- 1st Semester\SCS-2204_Functional Programming\Tutorial_2\Q4.scala
2023.06.17 23:37:31 WARN  no build target for: C:\Users\hp\Documents\UOC\2nd Year- 1st Semester\SCS-2204_Functional Programming\Tutorial_2\Q4.scala
2023.06.17 23:37:35 WARN  no build target for: C:\Users\hp\Documents\UOC\2nd Year- 1st Semester\SCS-2204_Functional Programming\Tutorial_2\Q4.scala
2023.06.17 23:37:39 WARN  no build target for: C:\Users\hp\Documents\UOC\2nd Year- 1st Semester\SCS-2204_Functional Programming\Tutorial_2\Q4.scala
2023.06.17 23:37:42 WARN  no build target for: C:\Users\hp\Documents\UOC\2nd Year- 1st Semester\SCS-2204_Functional Programming\Tutorial_2\Q4.scala
2023.06.17 23:37:44 WARN  no build target for: C:\Users\hp\Documents\UOC\2nd Year- 1st Semester\SCS-2204_Functional Programming\Tutorial_2\Q4.scala
2023.06.17 23:37:46 WARN  no build target for: C:\Users\hp\Documents\UOC\2nd Year- 1st Semester\SCS-2204_Functional Programming\Tutorial_2\Q4.scala
2023.06.17 23:37:48 WARN  no build target for: C:\Users\hp\Documents\UOC\2nd Year- 1st Semester\SCS-2204_Functional Programming\Tutorial_2\Q4.scala
2023.06.17 23:37:50 WARN  no build target for: C:\Users\hp\Documents\UOC\2nd Year- 1st Semester\SCS-2204_Functional Programming\Tutorial_2\Q4.scala
2023.06.17 23:37:58 WARN  no build target for: C:\Users\hp\Documents\UOC\2nd Year- 1st Semester\SCS-2204_Functional Programming\Tutorial_2\Q4.scala
2023.06.17 23:38:02 WARN  no build target for: C:\Users\hp\Documents\UOC\2nd Year- 1st Semester\SCS-2204_Functional Programming\Tutorial_2\Q4.scala
2023.06.17 23:38:05 WARN  no build target for: C:\Users\hp\Documents\UOC\2nd Year- 1st Semester\SCS-2204_Functional Programming\Tutorial_2\Q4.scala
2023.06.17 23:38:08 WARN  no build target for: C:\Users\hp\Documents\UOC\2nd Year- 1st Semester\SCS-2204_Functional Programming\Tutorial_2\Q4.scala
2023.06.17 23:38:09 WARN  no build target for: C:\Users\hp\Documents\UOC\2nd Year- 1st Semester\SCS-2204_Functional Programming\Tutorial_2\Q4.scala
2023.06.17 23:40:51 WARN  no build target for: C:\Users\hp\Documents\UOC\2nd Year- 1st Semester\SCS-2204_Functional Programming\Tutorial_2\Q1.scala
2023.06.17 23:41:32 WARN  no build target for: C:\Users\hp\Documents\UOC\2nd Year- 1st Semester\SCS-2204_Functional Programming\Tutorial_2\Q4.scala
2023.06.17 23:41:34 WARN  no build target for: C:\Users\hp\Documents\UOC\2nd Year- 1st Semester\SCS-2204_Functional Programming\Tutorial_2\Q4.scala
2023.06.17 23:41:50 WARN  no build target for: C:\Users\hp\Documents\UOC\2nd Year- 1st Semester\SCS-2204_Functional Programming\Tutorial_2\Q2.scala
2023.06.17 23:41:51 WARN  no build target for: C:\Users\hp\Documents\UOC\2nd Year- 1st Semester\SCS-2204_Functional Programming\Tutorial_2\Q2.scala
2023.06.17 23:42:02 WARN  no build target for: C:\Users\hp\Documents\UOC\2nd Year- 1st Semester\SCS-2204_Functional Programming\Tutorial_2\Q2.scala
2023.06.17 23:42:04 WARN  no build target for: C:\Users\hp\Documents\UOC\2nd Year- 1st Semester\SCS-2204_Functional Programming\Tutorial_2\Q2.scala
2023.06.17 23:42:09 WARN  no build target for: C:\Users\hp\Documents\UOC\2nd Year- 1st Semester\SCS-2204_Functional Programming\Tutorial_2\Q2.scala
2023.06.17 23:42:10 WARN  no build target for: C:\Users\hp\Documents\UOC\2nd Year- 1st Semester\SCS-2204_Functional Programming\Tutorial_2\Q2.scala
2023.06.17 23:42:22 WARN  no build target for: C:\Users\hp\Documents\UOC\2nd Year- 1st Semester\SCS-2204_Functional Programming\Tutorial_2\Q2.scala
2023.06.17 23:42:26 WARN  no build target for: C:\Users\hp\Documents\UOC\2nd Year- 1st Semester\SCS-2204_Functional Programming\Tutorial_2\Q2.scala
2023.06.17 23:42:30 WARN  no build target for: C:\Users\hp\Documents\UOC\2nd Year- 1st Semester\SCS-2204_Functional Programming\Tutorial_2\Q2.scala
2023.06.17 23:42:35 WARN  no build target for: C:\Users\hp\Documents\UOC\2nd Year- 1st Semester\SCS-2204_Functional Programming\Tutorial_2\Q2.scala
2023.06.17 23:42:37 WARN  no build target for: C:\Users\hp\Documents\UOC\2nd Year- 1st Semester\SCS-2204_Functional Programming\Tutorial_2\Q2.scala
2023.06.17 23:42:44 WARN  no build target for: C:\Users\hp\Documents\UOC\2nd Year- 1st Semester\SCS-2204_Functional Programming\Tutorial_2\Q2.scala
2023.06.17 23:42:53 WARN  no build target for: C:\Users\hp\Documents\UOC\2nd Year- 1st Semester\SCS-2204_Functional Programming\Tutorial_2\Q2.scala
2023.06.17 23:43:07 WARN  no build target for: C:\Users\hp\Documents\UOC\2nd Year- 1st Semester\SCS-2204_Functional Programming\Tutorial_2\Q2.scala
2023.06.17 23:43:09 WARN  no build target for: C:\Users\hp\Documents\UOC\2nd Year- 1st Semester\SCS-2204_Functional Programming\Tutorial_2\Q2.scala
2023.06.17 23:43:11 WARN  no build target for: C:\Users\hp\Documents\UOC\2nd Year- 1st Semester\SCS-2204_Functional Programming\Tutorial_2\Q2.scala
2023.06.17 23:43:14 WARN  no build target for: C:\Users\hp\Documents\UOC\2nd Year- 1st Semester\SCS-2204_Functional Programming\Tutorial_2\Q2.scala
2023.06.17 23:43:25 WARN  no build target for: C:\Users\hp\Documents\UOC\2nd Year- 1st Semester\SCS-2204_Functional Programming\Tutorial_2\Q2.scala
2023.06.17 23:43:26 WARN  no build target for: C:\Users\hp\Documents\UOC\2nd Year- 1st Semester\SCS-2204_Functional Programming\Tutorial_2\Q2.scala
2023.06.17 23:43:29 WARN  no build target for: C:\Users\hp\Documents\UOC\2nd Year- 1st Semester\SCS-2204_Functional Programming\Tutorial_2\Q2.scala
2023.06.17 23:43:45 WARN  no build target for: C:\Users\hp\Documents\UOC\2nd Year- 1st Semester\SCS-2204_Functional Programming\Tutorial_2\Q2.scala
2023.06.17 23:43:46 WARN  no build target for: C:\Users\hp\Documents\UOC\2nd Year- 1st Semester\SCS-2204_Functional Programming\Tutorial_2\Q2.scala
2023.06.17 23:43:48 WARN  no build target for: C:\Users\hp\Documents\UOC\2nd Year- 1st Semester\SCS-2204_Functional Programming\Tutorial_2\Q2.scala
2023.06.17 23:44:08 WARN  no build target for: C:\Users\hp\Documents\UOC\2nd Year- 1st Semester\SCS-2204_Functional Programming\Tutorial_2\Q2.scala
2023.06.17 23:44:12 WARN  no build target for: C:\Users\hp\Documents\UOC\2nd Year- 1st Semester\SCS-2204_Functional Programming\Tutorial_2\Q2.scala
2023.06.17 23:44:17 WARN  no build target for: C:\Users\hp\Documents\UOC\2nd Year- 1st Semester\SCS-2204_Functional Programming\Tutorial_2\Q2.scala
2023.06.17 23:44:48 WARN  no build target for: C:\Users\hp\Documents\UOC\2nd Year- 1st Semester\SCS-2204_Functional Programming\Tutorial_2\Q2.scala
2023.06.17 23:44:49 WARN  no build target for: C:\Users\hp\Documents\UOC\2nd Year- 1st Semester\SCS-2204_Functional Programming\Tutorial_2\Q2.scala
2023.06.17 23:44:54 WARN  no build target for: C:\Users\hp\Documents\UOC\2nd Year- 1st Semester\SCS-2204_Functional Programming\Tutorial_2\Q2.scala
2023.06.17 23:44:56 WARN  no build target for: C:\Users\hp\Documents\UOC\2nd Year- 1st Semester\SCS-2204_Functional Programming\Tutorial_2\Q2.scala
2023.06.17 23:44:58 WARN  no build target for: C:\Users\hp\Documents\UOC\2nd Year- 1st Semester\SCS-2204_Functional Programming\Tutorial_2\Q2.scala
2023.06.17 23:45:11 WARN  no build target for: C:\Users\hp\Documents\UOC\2nd Year- 1st Semester\SCS-2204_Functional Programming\Tutorial_2\Q2.scala
2023.06.17 23:45:14 WARN  no build target for: C:\Users\hp\Documents\UOC\2nd Year- 1st Semester\SCS-2204_Functional Programming\Tutorial_2\Q2.scala
2023.06.17 23:45:15 WARN  no build target for: C:\Users\hp\Documents\UOC\2nd Year- 1st Semester\SCS-2204_Functional Programming\Tutorial_2\Q2.scala
2023.06.17 23:45:20 WARN  no build target for: C:\Users\hp\Documents\UOC\2nd Year- 1st Semester\SCS-2204_Functional Programming\Tutorial_2\Q2.scala
2023.06.17 23:45:23 WARN  no build target for: C:\Users\hp\Documents\UOC\2nd Year- 1st Semester\SCS-2204_Functional Programming\Tutorial_2\Q2.scala
2023.06.17 23:45:30 WARN  no build target for: C:\Users\hp\Documents\UOC\2nd Year- 1st Semester\SCS-2204_Functional Programming\Tutorial_2\Q2.scala
2023.06.17 23:45:33 WARN  no build target for: C:\Users\hp\Documents\UOC\2nd Year- 1st Semester\SCS-2204_Functional Programming\Tutorial_2\Q2.scala
2023.06.17 23:45:36 WARN  no build target for: C:\Users\hp\Documents\UOC\2nd Year- 1st Semester\SCS-2204_Functional Programming\Tutorial_2\Q2.scala
2023.06.17 23:45:44 WARN  no build target for: C:\Users\hp\Documents\UOC\2nd Year- 1st Semester\SCS-2204_Functional Programming\Tutorial_2\Q2.scala
2023.06.17 23:46:00 WARN  no build target for: C:\Users\hp\Documents\UOC\2nd Year- 1st Semester\SCS-2204_Functional Programming\Tutorial_2\Q2.scala
2023.06.17 23:46:03 WARN  no build target for: C:\Users\hp\Documents\UOC\2nd Year- 1st Semester\SCS-2204_Functional Programming\Tutorial_2\Q2.scala
2023.06.17 23:46:04 WARN  no build target for: C:\Users\hp\Documents\UOC\2nd Year- 1st Semester\SCS-2204_Functional Programming\Tutorial_2\Q2.scala
2023.06.17 23:46:08 WARN  no build target for: C:\Users\hp\Documents\UOC\2nd Year- 1st Semester\SCS-2204_Functional Programming\Tutorial_2\Q2.scala
2023.06.17 23:46:11 WARN  no build target for: C:\Users\hp\Documents\UOC\2nd Year- 1st Semester\SCS-2204_Functional Programming\Tutorial_2\Q2.scala
2023.06.17 23:46:12 WARN  no build target for: C:\Users\hp\Documents\UOC\2nd Year- 1st Semester\SCS-2204_Functional Programming\Tutorial_2\Q2.scala
2023.06.17 23:46:29 WARN  no build target for: C:\Users\hp\Documents\UOC\2nd Year- 1st Semester\SCS-2204_Functional Programming\Tutorial_2\Q2.scala
2023.06.17 23:46:34 WARN  no build target for: C:\Users\hp\Documents\UOC\2nd Year- 1st Semester\SCS-2204_Functional Programming\Tutorial_2\Q2.scala
2023.06.17 23:46:40 WARN  no build target for: C:\Users\hp\Documents\UOC\2nd Year- 1st Semester\SCS-2204_Functional Programming\Tutorial_2\Q2.scala
2023.06.17 23:46:43 WARN  no build target for: C:\Users\hp\Documents\UOC\2nd Year- 1st Semester\SCS-2204_Functional Programming\Tutorial_2\Q2.scala
2023.06.17 23:47:05 WARN  no build target for: C:\Users\hp\Documents\UOC\2nd Year- 1st Semester\SCS-2204_Functional Programming\Tutorial_2\Q2.scala
2023.06.17 23:47:13 WARN  no build target for: C:\Users\hp\Documents\UOC\2nd Year- 1st Semester\SCS-2204_Functional Programming\Tutorial_2\Q2.scala
2023.06.17 23:47:15 WARN  no build target for: C:\Users\hp\Documents\UOC\2nd Year- 1st Semester\SCS-2204_Functional Programming\Tutorial_2\Q2.scala
2023.06.17 23:47:19 WARN  no build target for: C:\Users\hp\Documents\UOC\2nd Year- 1st Semester\SCS-2204_Functional Programming\Tutorial_2\Q2.scala
2023.06.17 23:47:22 WARN  no build target for: C:\Users\hp\Documents\UOC\2nd Year- 1st Semester\SCS-2204_Functional Programming\Tutorial_2\Q2.scala
2023.06.17 23:47:46 WARN  no build target for: C:\Users\hp\Documents\UOC\2nd Year- 1st Semester\SCS-2204_Functional Programming\Tutorial_2\Q2.scala
2023.06.17 23:47:48 WARN  no build target for: C:\Users\hp\Documents\UOC\2nd Year- 1st Semester\SCS-2204_Functional Programming\Tutorial_2\Q2.scala
2023.06.17 23:47:52 WARN  no build target for: C:\Users\hp\Documents\UOC\2nd Year- 1st Semester\SCS-2204_Functional Programming\Tutorial_2\Q2.scala
2023.06.17 23:47:56 WARN  no build target for: C:\Users\hp\Documents\UOC\2nd Year- 1st Semester\SCS-2204_Functional Programming\Tutorial_2\Q2.scala
2023.06.17 23:47:57 WARN  no build target for: C:\Users\hp\Documents\UOC\2nd Year- 1st Semester\SCS-2204_Functional Programming\Tutorial_2\Q2.scala
2023.06.17 23:47:59 WARN  no build target for: C:\Users\hp\Documents\UOC\2nd Year- 1st Semester\SCS-2204_Functional Programming\Tutorial_2\Q2.scala
Jun 17, 2023 11:48:01 PM org.eclipse.lsp4j.jsonrpc.RemoteEndpoint handleCancellation
WARNING: Unmatched cancel notification for request id 2422
2023.06.17 23:48:03 WARN  no build target for: C:\Users\hp\Documents\UOC\2nd Year- 1st Semester\SCS-2204_Functional Programming\Tutorial_2\Q2.scala
2023.06.17 23:48:07 WARN  no build target for: C:\Users\hp\Documents\UOC\2nd Year- 1st Semester\SCS-2204_Functional Programming\Tutorial_2\Q2.scala
2023.06.17 23:48:08 WARN  no build target for: C:\Users\hp\Documents\UOC\2nd Year- 1st Semester\SCS-2204_Functional Programming\Tutorial_2\Q2.scala
2023.06.17 23:48:09 WARN  no build target for: C:\Users\hp\Documents\UOC\2nd Year- 1st Semester\SCS-2204_Functional Programming\Tutorial_2\Q2.scala
2023.06.17 23:48:12 WARN  no build target for: C:\Users\hp\Documents\UOC\2nd Year- 1st Semester\SCS-2204_Functional Programming\Tutorial_2\Q2.scala
2023.06.17 23:48:14 WARN  no build target for: C:\Users\hp\Documents\UOC\2nd Year- 1st Semester\SCS-2204_Functional Programming\Tutorial_2\Q2.scala
2023.06.17 23:48:15 WARN  no build target for: C:\Users\hp\Documents\UOC\2nd Year- 1st Semester\SCS-2204_Functional Programming\Tutorial_2\Q2.scala
2023.06.17 23:48:20 WARN  no build target for: C:\Users\hp\Documents\UOC\2nd Year- 1st Semester\SCS-2204_Functional Programming\Tutorial_2\Q2.scala
2023.06.17 23:49:07 WARN  no build target for: C:\Users\hp\Documents\UOC\2nd Year- 1st Semester\SCS-2204_Functional Programming\Tutorial_2\Q2.scala
2023.06.17 23:49:09 WARN  no build target for: C:\Users\hp\Documents\UOC\2nd Year- 1st Semester\SCS-2204_Functional Programming\Tutorial_2\Q2.scala
2023.06.17 23:49:11 WARN  no build target for: C:\Users\hp\Documents\UOC\2nd Year- 1st Semester\SCS-2204_Functional Programming\Tutorial_2\Q2.scala
2023.06.17 23:49:13 WARN  no build target for: C:\Users\hp\Documents\UOC\2nd Year- 1st Semester\SCS-2204_Functional Programming\Tutorial_2\Q2.scala
2023.06.17 23:49:23 WARN  no build target for: C:\Users\hp\Documents\UOC\2nd Year- 1st Semester\SCS-2204_Functional Programming\Tutorial_2\Q2.scala
2023.06.17 23:49:26 WARN  no build target for: C:\Users\hp\Documents\UOC\2nd Year- 1st Semester\SCS-2204_Functional Programming\Tutorial_2\Q2.scala
2023.06.17 23:49:28 WARN  no build target for: C:\Users\hp\Documents\UOC\2nd Year- 1st Semester\SCS-2204_Functional Programming\Tutorial_2\Q2.scala
2023.06.17 23:49:59 WARN  no build target for: C:\Users\hp\Documents\UOC\2nd Year- 1st Semester\SCS-2204_Functional Programming\Tutorial_2\Q2.scala
2023.06.17 23:50:01 WARN  no build target for: C:\Users\hp\Documents\UOC\2nd Year- 1st Semester\SCS-2204_Functional Programming\Tutorial_2\Q2.scala
2023.06.17 23:50:11 WARN  no build target for: C:\Users\hp\Documents\UOC\2nd Year- 1st Semester\SCS-2204_Functional Programming\Tutorial_2\Q2.scala
2023.06.17 23:58:58 WARN  no build target for: C:\Users\hp\Documents\UOC\2nd Year- 1st Semester\SCS-2204_Functional Programming\Tutorial_2\Q2.scala
2023.06.17 23:59:02 WARN  no build target for: C:\Users\hp\Documents\UOC\2nd Year- 1st Semester\SCS-2204_Functional Programming\Tutorial_2\Q2.scala
2023.06.17 23:59:04 WARN  no build target for: C:\Users\hp\Documents\UOC\2nd Year- 1st Semester\SCS-2204_Functional Programming\Tutorial_2\Q2.scala
2023.06.17 23:59:11 WARN  no build target for: C:\Users\hp\Documents\UOC\2nd Year- 1st Semester\SCS-2204_Functional Programming\Tutorial_2\Q2.scala
2023.06.17 23:59:13 WARN  no build target for: C:\Users\hp\Documents\UOC\2nd Year- 1st Semester\SCS-2204_Functional Programming\Tutorial_2\Q2.scala
Jun 17, 2023 11:59:18 PM org.eclipse.lsp4j.jsonrpc.RemoteEndpoint handleCancellation
WARNING: Unmatched cancel notification for request id 2718
Jun 17, 2023 11:59:21 PM org.eclipse.lsp4j.jsonrpc.RemoteEndpoint handleCancellation
WARNING: Unmatched cancel notification for request id 2735
2023.06.17 23:59:22 WARN  no build target for: C:\Users\hp\Documents\UOC\2nd Year- 1st Semester\SCS-2204_Functional Programming\Tutorial_2\Q2.scala
2023.06.17 23:59:26 WARN  no build target for: C:\Users\hp\Documents\UOC\2nd Year- 1st Semester\SCS-2204_Functional Programming\Tutorial_2\Q2.scala
2023.06.17 23:59:44 WARN  no build target for: C:\Users\hp\Documents\UOC\2nd Year- 1st Semester\SCS-2204_Functional Programming\Tutorial_2\Q2.scala
2023.06.17 23:59:48 WARN  no build target for: C:\Users\hp\Documents\UOC\2nd Year- 1st Semester\SCS-2204_Functional Programming\Tutorial_2\Q2.scala
2023.06.17 23:59:51 WARN  no build target for: C:\Users\hp\Documents\UOC\2nd Year- 1st Semester\SCS-2204_Functional Programming\Tutorial_2\Q2.scala
2023.06.17 23:59:53 WARN  no build target for: C:\Users\hp\Documents\UOC\2nd Year- 1st Semester\SCS-2204_Functional Programming\Tutorial_2\Q2.scala
Jun 17, 2023 11:59:55 PM org.eclipse.lsp4j.jsonrpc.RemoteEndpoint handleCancellation
WARNING: Unmatched cancel notification for request id 2860
2023.06.17 23:59:59 WARN  no build target for: C:\Users\hp\Documents\UOC\2nd Year- 1st Semester\SCS-2204_Functional Programming\Tutorial_2\Q2.scala
2023.06.18 00:00:03 WARN  no build target for: C:\Users\hp\Documents\UOC\2nd Year- 1st Semester\SCS-2204_Functional Programming\Tutorial_2\Q2.scala
Jun 18, 2023 12:00:04 AM org.eclipse.lsp4j.jsonrpc.RemoteEndpoint handleCancellation
WARNING: Unmatched cancel notification for request id 2891
2023.06.18 00:00:07 WARN  no build target for: C:\Users\hp\Documents\UOC\2nd Year- 1st Semester\SCS-2204_Functional Programming\Tutorial_2\Q2.scala
2023.06.18 00:00:10 WARN  no build target for: C:\Users\hp\Documents\UOC\2nd Year- 1st Semester\SCS-2204_Functional Programming\Tutorial_2\Q2.scala
2023.06.18 00:00:15 WARN  no build target for: C:\Users\hp\Documents\UOC\2nd Year- 1st Semester\SCS-2204_Functional Programming\Tutorial_2\Q2.scala
Jun 18, 2023 12:00:19 AM org.eclipse.lsp4j.jsonrpc.RemoteEndpoint handleCancellation
WARNING: Unmatched cancel notification for request id 2981
2023.06.18 00:00:21 WARN  no build target for: C:\Users\hp\Documents\UOC\2nd Year- 1st Semester\SCS-2204_Functional Programming\Tutorial_2\Q2.scala
2023.06.18 00:00:22 WARN  no build target for: C:\Users\hp\Documents\UOC\2nd Year- 1st Semester\SCS-2204_Functional Programming\Tutorial_2\Q2.scala
2023.06.18 00:00:38 WARN  no build target for: C:\Users\hp\Documents\UOC\2nd Year- 1st Semester\SCS-2204_Functional Programming\Tutorial_2\Q2.scala
2023.06.18 00:01:11 INFO  Shutting down server
2023.06.18 00:01:11 INFO  shutting down Metals
2023.06.18 00:01:11 INFO  Exiting server
2023.06.19 11:03:11 INFO  Started: Metals version 0.11.12 in workspace 'C:\Users\hp\Documents\UOC\2nd Year- 1st Semester\SCS-2204_Functional Programming\Tutorial_2' for client Visual Studio Code 1.79.2.
Jun 19, 2023 11:03:11 AM org.flywaydb.core.internal.license.VersionPrinter printVersionOnly
INFO: Flyway Community Edition 9.16.3 by Redgate
Jun 19, 2023 11:03:11 AM org.flywaydb.core.internal.license.VersionPrinter printVersion
INFO: See release notes here: https://rd.gt/416ObMi
Jun 19, 2023 11:03:11 AM org.flywaydb.core.internal.license.VersionPrinter printVersion
INFO: 
Jun 19, 2023 11:03:12 AM org.flywaydb.core.internal.database.base.BaseDatabaseType createDatabase
INFO: Database: jdbc:h2:file:C:\Users\hp\Documents\UOC\2nd Year- 1st Semester\SCS-2204_Functional Programming\Tutorial_2\.metals\metals (H2 2.1)
Jun 19, 2023 11:03:12 AM org.flywaydb.core.internal.command.DbValidate validate
INFO: Successfully validated 4 migrations (execution time 00:00.032s)
Jun 19, 2023 11:03:12 AM org.flywaydb.core.internal.command.DbMigrate migrateGroup
INFO: Current version of schema "PUBLIC": 4
Jun 19, 2023 11:03:12 AM org.flywaydb.core.internal.command.DbMigrate logSummary
INFO: Schema "PUBLIC" is up to date. No migration necessary.
2023.06.19 11:03:12 INFO  time: initialize in 0.94s
2023.06.19 11:03:15 WARN  Build server is not auto-connectable.
2023.06.19 11:03:15 WARN  no build tool detected in workspace 'C:\Users\hp\Documents\UOC\2nd Year- 1st Semester\SCS-2204_Functional Programming\Tutorial_2'. The most common cause for this problem is that the editor was opened in the wrong working directory, for example if you use sbt then the workspace directory should contain build.sbt. 
2023.06.19 11:03:15 WARN  no build target for: C:\Users\hp\Documents\UOC\2nd Year- 1st Semester\SCS-2204_Functional Programming\Tutorial_2\Q2.scala
2023.06.19 11:03:16 WARN  no build target for: C:\Users\hp\Documents\UOC\2nd Year- 1st Semester\SCS-2204_Functional Programming\Tutorial_2\Q1.scala
2023.06.19 11:03:23 INFO  no build target found for C:\Users\hp\Documents\UOC\2nd Year- 1st Semester\SCS-2204_Functional Programming\Tutorial_2\Q2.scala. Using presentation compiler with project's scala-library version: 3.2.2
2023.06.19 11:03:25 INFO  time: code lens generation in 10s
2023.06.19 11:03:26 INFO  time: code lens generation in 9.84s
